Waiting for build to start...
Picked Git content provider.
Cloning into '/tmp/repo2dockersak5hvol'...
HEAD is now at da8c870 update notebooks
Using DockerBuildPack builder
github.com/docker/buildx v0.19.1 5113f9ea89afd597302961caf99cecd142c7ba05
#0 building with "default" instance using docker driver

#1 [internal] load build definition from Dockerfile
#1 transferring dockerfile: 1.03kB done
#1 DONE 0.2s

#2 [internal] load metadata for docker.io/library/eclipse-temurin:21-jdk-jammy
#2 DONE 1.4s

#3 [internal] load .dockerignore
#3 transferring context: 2B done
#3 DONE 0.2s

#4 [ 1/11] FROM docker.io/library/eclipse-temurin:21-jdk-jammy@sha256:adb9b2d15adf1833d9dae0bdc1cff61ef5a804dc58dfbfb34269f32432b2e5dc
#4 resolve docker.io/library/eclipse-temurin:21-jdk-jammy@sha256:adb9b2d15adf1833d9dae0bdc1cff61ef5a804dc58dfbfb34269f32432b2e5dc 0.1s done
#4 sha256:3861acf2eebedb6465cc8f73442580d2e6d4c29a3154b5efdb54cf39fd029b96 0B / 20.70MB 0.1s
#4 sha256:adb9b2d15adf1833d9dae0bdc1cff61ef5a804dc58dfbfb34269f32432b2e5dc 5.25kB / 5.25kB done
#4 sha256:7db733aadd907ea0a5168163d1f0df57e2f611cfa879836878e0872d4e6476dc 1.94kB / 1.94kB done
#4 sha256:89730bf19567dbaf708ae2cb66e0c5eaceb60f2f1311b7e5ab97524cec7bba41 5.76kB / 5.76kB done
#4 ...

#5 [internal] load build context
#5 transferring context: 5.39MB 0.1s done
#5 DONE 0.3s

#4 [ 1/11] FROM docker.io/library/eclipse-temurin:21-jdk-jammy@sha256:adb9b2d15adf1833d9dae0bdc1cff61ef5a804dc58dfbfb34269f32432b2e5dc
#4 sha256:ab58cd613f954d3a601eb538647444015d037b3137b5310f78195711bdf67b6b 0B / 157.81MB 0.3s
#4 sha256:f0684634454f5eec97bbd5f8a6279d6c2974068191614510fd4c8509293525f9 0B / 159B 0.3s
#4 sha256:3861acf2eebedb6465cc8f73442580d2e6d4c29a3154b5efdb54cf39fd029b96 7.34MB / 20.70MB 0.5s
#4 sha256:f0684634454f5eec97bbd5f8a6279d6c2974068191614510fd4c8509293525f9 159B / 159B 0.5s
#4 sha256:3861acf2eebedb6465cc8f73442580d2e6d4c29a3154b5efdb54cf39fd029b96 20.70MB / 20.70MB 0.6s done
#4 sha256:ab58cd613f954d3a601eb538647444015d037b3137b5310f78195711bdf67b6b 55.57MB / 157.81MB 0.7s
#4 sha256:f0684634454f5eec97bbd5f8a6279d6c2974068191614510fd4c8509293525f9 159B / 159B 0.5s done
#4 sha256:d5d2d4d5379b93d296d2d76994a2cecdebc6de9b12701466cc70083a7aa0ca09 2.28kB / 2.28kB 0.7s
#4 sha256:ab58cd613f954d3a601eb538647444015d037b3137b5310f78195711bdf67b6b 77.59MB / 157.81MB 0.8s
#4 sha256:d5d2d4d5379b93d296d2d76994a2cecdebc6de9b12701466cc70083a7aa0ca09 2.28kB / 2.28kB 0.7s done
#4 extracting sha256:3861acf2eebedb6465cc8f73442580d2e6d4c29a3154b5efdb54cf39fd029b96 0.1s
#4 sha256:ab58cd613f954d3a601eb538647444015d037b3137b5310f78195711bdf67b6b 95.42MB / 157.81MB 0.9s
#4 sha256:ab58cd613f954d3a601eb538647444015d037b3137b5310f78195711bdf67b6b 106.95MB / 157.81MB 1.0s
#4 sha256:ab58cd613f954d3a601eb538647444015d037b3137b5310f78195711bdf67b6b 126.88MB / 157.81MB 1.1s
#4 sha256:ab58cd613f954d3a601eb538647444015d037b3137b5310f78195711bdf67b6b 148.90MB / 157.81MB 1.2s
#4 sha256:ab58cd613f954d3a601eb538647444015d037b3137b5310f78195711bdf67b6b 157.81MB / 157.81MB 1.3s
#4 sha256:ab58cd613f954d3a601eb538647444015d037b3137b5310f78195711bdf67b6b 157.81MB / 157.81MB 1.6s done
#4 extracting sha256:3861acf2eebedb6465cc8f73442580d2e6d4c29a3154b5efdb54cf39fd029b96 1.9s done
#4 extracting sha256:ab58cd613f954d3a601eb538647444015d037b3137b5310f78195711bdf67b6b
#4 extracting sha256:ab58cd613f954d3a601eb538647444015d037b3137b5310f78195711bdf67b6b 2.3s done
#4 extracting sha256:f0684634454f5eec97bbd5f8a6279d6c2974068191614510fd4c8509293525f9
#4 extracting sha256:f0684634454f5eec97bbd5f8a6279d6c2974068191614510fd4c8509293525f9 done
#4 extracting sha256:d5d2d4d5379b93d296d2d76994a2cecdebc6de9b12701466cc70083a7aa0ca09 done
#4 DONE 5.9s

#6 [ 2/11] RUN apt-get update
#6 0.552 Get:1 http://archive.ubuntu.com/ubuntu jammy InRelease [270 kB]
#6 0.569 Get:2 http://security.ubuntu.com/ubuntu jammy-security InRelease [129 kB]
#6 0.653 Get:3 http://archive.ubuntu.com/ubuntu jammy-updates InRelease [128 kB]
#6 0.677 Get:4 http://archive.ubuntu.com/ubuntu jammy-backports InRelease [127 kB]
#6 0.878 Get:5 http://archive.ubuntu.com/ubuntu jammy/universe amd64 Packages [17.5 MB]
#6 1.079 Get:6 http://archive.ubuntu.com/ubuntu jammy/restricted amd64 Packages [164 kB]
#6 1.080 Get:7 http://archive.ubuntu.com/ubuntu jammy/main amd64 Packages [1,792 kB]
#6 1.090 Get:8 http://archive.ubuntu.com/ubuntu jammy/multiverse amd64 Packages [266 kB]
#6 1.092 Get:9 http://archive.ubuntu.com/ubuntu jammy-updates/multiverse amd64 Packages [69.1 kB]
#6 1.093 Get:10 http://archive.ubuntu.com/ubuntu jammy-updates/restricted amd64 Packages [5,922 kB]
#6 1.130 Get:11 http://archive.ubuntu.com/ubuntu jammy-updates/universe amd64 Packages [1,580 kB]
#6 1.139 Get:12 http://archive.ubuntu.com/ubuntu jammy-updates/main amd64 Packages [3,744 kB]
#6 1.221 Get:13 http://security.ubuntu.com/ubuntu jammy-security/universe amd64 Packages [1,275 kB]
#6 1.348 Get:14 http://security.ubuntu.com/ubuntu jammy-security/multiverse amd64 Packages [71.0 kB]
#6 1.349 Get:15 http://security.ubuntu.com/ubuntu jammy-security/restricted amd64 Packages [5,712 kB]
#6 1.397 Get:16 http://archive.ubuntu.com/ubuntu jammy-backports/main amd64 Packages [83.9 kB]
#6 1.417 Get:17 http://archive.ubuntu.com/ubuntu jammy-backports/universe amd64 Packages [35.2 kB]
#6 1.429 Get:18 http://security.ubuntu.com/ubuntu jammy-security/main amd64 Packages [3,415 kB]
#6 2.345 Fetched 42.3 MB in 2s (23.0 MB/s)
#6 2.345 Reading package lists...
#6 DONE 4.8s

#7 [ 3/11] RUN apt-get install -y python3-pip unzip
#7 0.488 Reading package lists...
#7 1.297 Building dependency tree...
#7 1.487 Reading state information...
#7 1.636 The following additional packages will be installed:
#7 1.636   build-essential bzip2 cpp cpp-11 dpkg-dev fakeroot g++ g++-11 gcc gcc-11
#7 1.636   gcc-11-base javascript-common libalgorithm-diff-perl
#7 1.636   libalgorithm-diff-xs-perl libalgorithm-merge-perl libasan6 libatomic1
#7 1.636   libbsd0 libc-dev-bin libc-devtools libc6-dev libcc1-0 libcrypt-dev
#7 1.636   libdeflate0 libdpkg-perl libexpat1-dev libfakeroot libfile-fcntllock-perl
#7 1.636   libgcc-11-dev libgd3 libgdbm-compat4 libgdbm6 libgomp1 libisl23 libitm1
#7 1.636   libjbig0 libjpeg-turbo8 libjpeg8 libjs-jquery libjs-sphinxdoc
#7 1.636   libjs-underscore liblocale-gettext-perl liblsan0 libmd0 libmpc3 libmpdec3
#7 1.636   libmpfr6 libnsl-dev libperl5.34 libpython3-dev libpython3-stdlib
#7 1.636   libpython3.10 libpython3.10-dev libpython3.10-minimal libpython3.10-stdlib
#7 1.636   libquadmath0 libstdc++-11-dev libtiff5 libtirpc-dev libtsan0 libubsan1
#7 1.636   libwebp7 libx11-6 libx11-data libxau6 libxcb1 libxdmcp6 libxpm4
#7 1.636   linux-libc-dev lto-disabled-list make manpages manpages-dev media-types
#7 1.636   netbase patch perl perl-modules-5.34 python3 python3-dev python3-distutils
#7 1.636   python3-lib2to3 python3-minimal python3-pkg-resources python3-setuptools
#7 1.636   python3-wheel python3.10 python3.10-dev python3.10-minimal rpcsvc-proto
#7 1.636   xz-utils zlib1g-dev
#7 1.637 Suggested packages:
#7 1.637   bzip2-doc cpp-doc gcc-11-locales debian-keyring g++-multilib g++-11-multilib
#7 1.637   gcc-11-doc gcc-multilib autoconf automake libtool flex bison gdb gcc-doc
#7 1.637   gcc-11-multilib apache2 | lighttpd | httpd glibc-doc git bzr libgd-tools
#7 1.637   gdbm-l10n libstdc++-11-doc make-doc man-browser ed diffutils-doc perl-doc
#7 1.637   libterm-readline-gnu-perl | libterm-readline-perl-perl
#7 1.637   libtap-harness-archive-perl python3-doc python3-tk python3-venv
#7 1.637   python-setuptools-doc python3.10-venv python3.10-doc binfmt-support zip
#7 1.844 The following NEW packages will be installed:
#7 1.844   build-essential bzip2 cpp cpp-11 dpkg-dev fakeroot g++ g++-11 gcc gcc-11
#7 1.844   gcc-11-base javascript-common libalgorithm-diff-perl
#7 1.844   libalgorithm-diff-xs-perl libalgorithm-merge-perl libasan6 libatomic1
#7 1.844   libbsd0 libc-dev-bin libc-devtools libc6-dev libcc1-0 libcrypt-dev
#7 1.844   libdeflate0 libdpkg-perl libexpat1-dev libfakeroot libfile-fcntllock-perl
#7 1.844   libgcc-11-dev libgd3 libgdbm-compat4 libgdbm6 libgomp1 libisl23 libitm1
#7 1.844   libjbig0 libjpeg-turbo8 libjpeg8 libjs-jquery libjs-sphinxdoc
#7 1.844   libjs-underscore liblocale-gettext-perl liblsan0 libmd0 libmpc3 libmpdec3
#7 1.845   libmpfr6 libnsl-dev libperl5.34 libpython3-dev libpython3-stdlib
#7 1.845   libpython3.10 libpython3.10-dev libpython3.10-minimal libpython3.10-stdlib
#7 1.845   libquadmath0 libstdc++-11-dev libtiff5 libtirpc-dev libtsan0 libubsan1
#7 1.845   libwebp7 libx11-6 libx11-data libxau6 libxcb1 libxdmcp6 libxpm4
#7 1.845   linux-libc-dev lto-disabled-list make manpages manpages-dev media-types
#7 1.845   netbase patch perl perl-modules-5.34 python3 python3-dev python3-distutils
#7 1.845   python3-lib2to3 python3-minimal python3-pip python3-pkg-resources
#7 1.845   python3-setuptools python3-wheel python3.10 python3.10-dev
#7 1.845   python3.10-minimal rpcsvc-proto unzip xz-utils zlib1g-dev
#7 1.929 0 upgraded, 94 newly installed, 0 to remove and 0 not upgraded.
#7 1.929 Need to get 90.5 MB of archives.
#7 1.929 After this operation, 324 MB of additional disk space will be used.
#7 1.929 Get:1 http://archive.ubuntu.com/ubuntu jammy/main amd64 liblocale-gettext-perl amd64 1.07-4build3 [17.1 kB]
#7 1.980 Get:2 http://archive.ubuntu.com/ubuntu jammy-updates/main amd64 libpython3.10-minimal amd64 3.10.12-1~22.04.11 [815 kB]
#7 2.112 Get:3 http://archive.ubuntu.com/ubuntu jammy-updates/main amd64 python3.10-minimal amd64 3.10.12-1~22.04.11 [2,264 kB]
#7 2.161 Get:4 http://archive.ubuntu.com/ubuntu jammy-updates/main amd64 python3-minimal amd64 3.10.6-1~22.04.1 [24.3 kB]
#7 2.161 Get:5 http://archive.ubuntu.com/ubuntu jammy/main amd64 media-types all 7.0.0 [25.5 kB]
#7 2.162 Get:6 http://archive.ubuntu.com/ubuntu jammy/main amd64 libmpdec3 amd64 2.5.1-2build2 [86.8 kB]
#7 2.164 Get:7 http://archive.ubuntu.com/ubuntu jammy-updates/main amd64 libpython3.10-stdlib amd64 3.10.12-1~22.04.11 [1,850 kB]
#7 2.182 Get:8 http://archive.ubuntu.com/ubuntu jammy-updates/main amd64 python3.10 amd64 3.10.12-1~22.04.11 [508 kB]
#7 2.185 Get:9 http://archive.ubuntu.com/ubuntu jammy-updates/main amd64 libpython3-stdlib amd64 3.10.6-1~22.04.1 [6,812 B]
#7 2.185 Get:10 http://archive.ubuntu.com/ubuntu jammy-updates/main amd64 python3 amd64 3.10.6-1~22.04.1 [22.8 kB]
#7 2.186 Get:11 http://archive.ubuntu.com/ubuntu jammy-updates/main amd64 perl-modules-5.34 all 5.34.0-3ubuntu1.5 [2,977 kB]
#7 2.201 Get:12 http://archive.ubuntu.com/ubuntu jammy/main amd64 libgdbm6 amd64 1.23-1 [33.9 kB]
#7 2.201 Get:13 http://archive.ubuntu.com/ubuntu jammy/main amd64 libgdbm-compat4 amd64 1.23-1 [6,606 B]
#7 2.213 Get:14 http://archive.ubuntu.com/ubuntu jammy-updates/main amd64 libperl5.34 amd64 5.34.0-3ubuntu1.5 [4,797 kB]
#7 2.242 Get:15 http://archive.ubuntu.com/ubuntu jammy-updates/main amd64 perl amd64 5.34.0-3ubuntu1.5 [232 kB]
#7 2.243 Get:16 http://archive.ubuntu.com/ubuntu jammy/main amd64 libmd0 amd64 1.0.4-1build1 [23.0 kB]
#7 2.244 Get:17 http://archive.ubuntu.com/ubuntu jammy/main amd64 libbsd0 amd64 0.11.5-1 [44.8 kB]
#7 2.244 Get:18 http://archive.ubuntu.com/ubuntu jammy/main amd64 netbase all 6.3 [12.9 kB]
#7 2.244 Get:19 http://archive.ubuntu.com/ubuntu jammy-updates/main amd64 python3-pkg-resources all 59.6.0-1.2ubuntu0.22.04.3 [133 kB]
#7 2.245 Get:20 http://archive.ubuntu.com/ubuntu jammy/main amd64 libxau6 amd64 1:1.0.9-1build5 [7,634 B]
#7 2.245 Get:21 http://archive.ubuntu.com/ubuntu jammy/main amd64 libxdmcp6 amd64 1:1.1.3-0ubuntu5 [10.9 kB]
#7 2.246 Get:22 http://archive.ubuntu.com/ubuntu jammy/main amd64 libxcb1 amd64 1.14-3ubuntu3 [49.0 kB]
#7 2.246 Get:23 http://archive.ubuntu.com/ubuntu jammy-updates/main amd64 libx11-data all 2:1.7.5-1ubuntu0.3 [120 kB]
#7 2.268 Get:24 http://archive.ubuntu.com/ubuntu jammy-updates/main amd64 libx11-6 amd64 2:1.7.5-1ubuntu0.3 [667 kB]
#7 2.294 Get:25 http://archive.ubuntu.com/ubuntu jammy/main amd64 manpages all 5.10-1ubuntu1 [1,375 kB]
#7 2.302 Get:26 http://archive.ubuntu.com/ubuntu jammy/main amd64 xz-utils amd64 5.2.5-2ubuntu1 [84.8 kB]
#7 2.302 Get:27 http://archive.ubuntu.com/ubuntu jammy-updates/main amd64 libc-dev-bin amd64 2.35-0ubuntu3.11 [20.3 kB]
#7 2.303 Get:28 http://archive.ubuntu.com/ubuntu jammy-updates/main amd64 linux-libc-dev amd64 5.15.0-157.167 [1,330 kB]
#7 2.309 Get:29 http://archive.ubuntu.com/ubuntu jammy/main amd64 libcrypt-dev amd64 1:4.4.27-1 [112 kB]
#7 2.310 Get:30 http://archive.ubuntu.com/ubuntu jammy/main amd64 rpcsvc-proto amd64 1.4.2-0ubuntu6 [68.5 kB]
#7 2.311 Get:31 http://archive.ubuntu.com/ubuntu jammy-updates/main amd64 libtirpc-dev amd64 1.3.2-2ubuntu0.1 [192 kB]
#7 2.312 Get:32 http://archive.ubuntu.com/ubuntu jammy/main amd64 libnsl-dev amd64 1.3.0-2build2 [71.3 kB]
#7 2.312 Get:33 http://archive.ubuntu.com/ubuntu jammy-updates/main amd64 libc6-dev amd64 2.35-0ubuntu3.11 [2,100 kB]
#7 2.325 Get:34 http://archive.ubuntu.com/ubuntu jammy-updates/main amd64 gcc-11-base amd64 11.4.0-1ubuntu1~22.04.2 [20.8 kB]
#7 2.345 Get:35 http://archive.ubuntu.com/ubuntu jammy/main amd64 libisl23 amd64 0.24-2build1 [727 kB]
#7 2.349 Get:36 http://archive.ubuntu.com/ubuntu jammy/main amd64 libmpfr6 amd64 4.1.0-3build3 [1,425 kB]
#7 2.356 Get:37 http://archive.ubuntu.com/ubuntu jammy/main amd64 libmpc3 amd64 1.2.1-2build1 [46.9 kB]
#7 2.356 Get:38 http://archive.ubuntu.com/ubuntu jammy-updates/main amd64 cpp-11 amd64 11.4.0-1ubuntu1~22.04.2 [10.0 MB]
#7 2.424 Get:39 http://archive.ubuntu.com/ubuntu jammy/main amd64 cpp amd64 4:11.2.0-1ubuntu1 [27.7 kB]
#7 2.424 Get:40 http://archive.ubuntu.com/ubuntu jammy-updates/main amd64 libcc1-0 amd64 12.3.0-1ubuntu1~22.04.2 [48.3 kB]
#7 2.424 Get:41 http://archive.ubuntu.com/ubuntu jammy-updates/main amd64 libgomp1 amd64 12.3.0-1ubuntu1~22.04.2 [127 kB]
#7 2.425 Get:42 http://archive.ubuntu.com/ubuntu jammy-updates/main amd64 libitm1 amd64 12.3.0-1ubuntu1~22.04.2 [30.2 kB]
#7 2.425 Get:43 http://archive.ubuntu.com/ubuntu jammy-updates/main amd64 libatomic1 amd64 12.3.0-1ubuntu1~22.04.2 [10.4 kB]
#7 2.425 Get:44 http://archive.ubuntu.com/ubuntu jammy-updates/main amd64 libasan6 amd64 11.4.0-1ubuntu1~22.04.2 [2,283 kB]
#7 2.447 Get:45 http://archive.ubuntu.com/ubuntu jammy-updates/main amd64 liblsan0 amd64 12.3.0-1ubuntu1~22.04.2 [1,069 kB]
#7 2.453 Get:46 http://archive.ubuntu.com/ubuntu jammy-updates/main amd64 libtsan0 amd64 11.4.0-1ubuntu1~22.04.2 [2,262 kB]
#7 2.465 Get:47 http://archive.ubuntu.com/ubuntu jammy-updates/main amd64 libubsan1 amd64 12.3.0-1ubuntu1~22.04.2 [976 kB]
#7 2.471 Get:48 http://archive.ubuntu.com/ubuntu jammy-updates/main amd64 libquadmath0 amd64 12.3.0-1ubuntu1~22.04.2 [154 kB]
#7 2.472 Get:49 http://archive.ubuntu.com/ubuntu jammy-updates/main amd64 libgcc-11-dev amd64 11.4.0-1ubuntu1~22.04.2 [2,517 kB]
#7 2.486 Get:50 http://archive.ubuntu.com/ubuntu jammy-updates/main amd64 gcc-11 amd64 11.4.0-1ubuntu1~22.04.2 [20.1 MB]
#7 2.596 Get:51 http://archive.ubuntu.com/ubuntu jammy/main amd64 gcc amd64 4:11.2.0-1ubuntu1 [5,112 B]
#7 2.596 Get:52 http://archive.ubuntu.com/ubuntu jammy-updates/main amd64 libstdc++-11-dev amd64 11.4.0-1ubuntu1~22.04.2 [2,101 kB]
#7 2.608 Get:53 http://archive.ubuntu.com/ubuntu jammy-updates/main amd64 g++-11 amd64 11.4.0-1ubuntu1~22.04.2 [11.4 MB]
#7 2.670 Get:54 http://archive.ubuntu.com/ubuntu jammy/main amd64 g++ amd64 4:11.2.0-1ubuntu1 [1,412 B]
#7 2.670 Get:55 http://archive.ubuntu.com/ubuntu jammy/main amd64 make amd64 4.3-4.1build1 [180 kB]
#7 2.671 Get:56 http://archive.ubuntu.com/ubuntu jammy-updates/main amd64 libdpkg-perl all 1.21.1ubuntu2.6 [237 kB]
#7 2.673 Get:57 http://archive.ubuntu.com/ubuntu jammy/main amd64 bzip2 amd64 1.0.8-5build1 [34.8 kB]
#7 2.673 Get:58 http://archive.ubuntu.com/ubuntu jammy/main amd64 patch amd64 2.7.6-7build2 [109 kB]
#7 2.674 Get:59 http://archive.ubuntu.com/ubuntu jammy/main amd64 lto-disabled-list all 24 [12.5 kB]
#7 2.674 Get:60 http://archive.ubuntu.com/ubuntu jammy-updates/main amd64 dpkg-dev all 1.21.1ubuntu2.6 [922 kB]
#7 2.679 Get:61 http://archive.ubuntu.com/ubuntu jammy/main amd64 build-essential amd64 12.9ubuntu3 [4,744 B]
#7 2.679 Get:62 http://archive.ubuntu.com/ubuntu jammy/main amd64 libfakeroot amd64 1.28-1ubuntu1 [31.5 kB]
#7 2.697 Get:63 http://archive.ubuntu.com/ubuntu jammy/main amd64 fakeroot amd64 1.28-1ubuntu1 [60.4 kB]
#7 2.698 Get:64 http://archive.ubuntu.com/ubuntu jammy/main amd64 javascript-common all 11+nmu1 [5,936 B]
#7 2.723 Get:65 http://archive.ubuntu.com/ubuntu jammy/main amd64 libalgorithm-diff-perl all 1.201-1 [41.8 kB]
#7 2.723 Get:66 http://archive.ubuntu.com/ubuntu jammy/main amd64 libalgorithm-diff-xs-perl amd64 0.04-6build3 [11.9 kB]
#7 2.723 Get:67 http://archive.ubuntu.com/ubuntu jammy/main amd64 libalgorithm-merge-perl all 0.08-3 [12.0 kB]
#7 2.724 Get:68 http://archive.ubuntu.com/ubuntu jammy/main amd64 libjpeg-turbo8 amd64 2.1.2-0ubuntu1 [134 kB]
#7 2.724 Get:69 http://archive.ubuntu.com/ubuntu jammy/main amd64 libjpeg8 amd64 8c-2ubuntu10 [2,264 B]
#7 2.725 Get:70 http://archive.ubuntu.com/ubuntu jammy/main amd64 libdeflate0 amd64 1.10-2 [70.9 kB]
#7 2.725 Get:71 http://archive.ubuntu.com/ubuntu jammy-updates/main amd64 libjbig0 amd64 2.1-3.1ubuntu0.22.04.1 [29.2 kB]
#7 2.725 Get:72 http://archive.ubuntu.com/ubuntu jammy-updates/main amd64 libwebp7 amd64 1.2.2-2ubuntu0.22.04.2 [206 kB]
#7 2.748 Get:73 http://archive.ubuntu.com/ubuntu jammy-updates/main amd64 libtiff5 amd64 4.3.0-6ubuntu0.12 [185 kB]
#7 2.750 Get:74 http://archive.ubuntu.com/ubuntu jammy-updates/main amd64 libxpm4 amd64 1:3.5.12-1ubuntu0.22.04.2 [36.7 kB]
#7 2.773 Get:75 http://archive.ubuntu.com/ubuntu jammy-updates/main amd64 libgd3 amd64 2.3.0-2ubuntu2.3 [129 kB]
#7 2.775 Get:76 http://archive.ubuntu.com/ubuntu jammy-updates/main amd64 libc-devtools amd64 2.35-0ubuntu3.11 [29.0 kB]
#7 2.776 Get:77 http://archive.ubuntu.com/ubuntu jammy-updates/main amd64 libexpat1-dev amd64 2.4.7-1ubuntu0.6 [148 kB]
#7 2.778 Get:78 http://archive.ubuntu.com/ubuntu jammy/main amd64 libfile-fcntllock-perl amd64 0.22-3build7 [33.9 kB]
#7 2.779 Get:79 http://archive.ubuntu.com/ubuntu jammy/main amd64 libjs-jquery all 3.6.0+dfsg+~3.5.13-1 [321 kB]
#7 2.783 Get:80 http://archive.ubuntu.com/ubuntu jammy/main amd64 libjs-underscore all 1.13.2~dfsg-2 [118 kB]
#7 2.785 Get:81 http://archive.ubuntu.com/ubuntu jammy/main amd64 libjs-sphinxdoc all 4.3.2-1 [139 kB]
#7 2.787 Get:82 http://archive.ubuntu.com/ubuntu jammy-updates/main amd64 libpython3.10 amd64 3.10.12-1~22.04.11 [1,949 kB]
#7 2.805 Get:83 http://archive.ubuntu.com/ubuntu jammy-updates/main amd64 zlib1g-dev amd64 1:1.2.11.dfsg-2ubuntu9.2 [164 kB]
#7 2.806 Get:84 http://archive.ubuntu.com/ubuntu jammy-updates/main amd64 libpython3.10-dev amd64 3.10.12-1~22.04.11 [4,764 kB]
#7 2.835 Get:85 http://archive.ubuntu.com/ubuntu jammy-updates/main amd64 libpython3-dev amd64 3.10.6-1~22.04.1 [7,064 B]
#7 2.836 Get:86 http://archive.ubuntu.com/ubuntu jammy/main amd64 manpages-dev all 5.10-1ubuntu1 [2,309 kB]
#7 2.856 Get:87 http://archive.ubuntu.com/ubuntu jammy-updates/main amd64 python3.10-dev amd64 3.10.12-1~22.04.11 [508 kB]
#7 2.858 Get:88 http://archive.ubuntu.com/ubuntu jammy-updates/main amd64 python3-lib2to3 all 3.10.8-1~22.04 [77.6 kB]
#7 2.859 Get:89 http://archive.ubuntu.com/ubuntu jammy-updates/main amd64 python3-distutils all 3.10.8-1~22.04 [139 kB]
#7 2.860 Get:90 http://archive.ubuntu.com/ubuntu jammy-updates/main amd64 python3-dev amd64 3.10.6-1~22.04.1 [26.0 kB]
#7 2.860 Get:91 http://archive.ubuntu.com/ubuntu jammy-updates/main amd64 python3-setuptools all 59.6.0-1.2ubuntu0.22.04.3 [340 kB]
#7 2.862 Get:92 http://archive.ubuntu.com/ubuntu jammy-updates/universe amd64 python3-wheel all 0.37.1-2ubuntu0.22.04.1 [32.0 kB]
#7 2.862 Get:93 http://archive.ubuntu.com/ubuntu jammy-updates/universe amd64 python3-pip all 22.0.2+dfsg-1ubuntu0.7 [1,306 kB]
#7 2.874 Get:94 http://archive.ubuntu.com/ubuntu jammy-updates/main amd64 unzip amd64 6.0-26ubuntu3.2 [175 kB]
#7 3.070 debconf: delaying package configuration, since apt-utils is not installed
#7 3.129 Fetched 90.5 MB in 1s (88.9 MB/s)
#7 3.177 Selecting previously unselected package liblocale-gettext-perl.
#7 3.177 (Reading database ... 
(Reading database ... 5%
(Reading database ... 10%
(Reading database ... 15%
(Reading database ... 20%
(Reading database ... 25%
(Reading database ... 30%
(Reading database ... 35%
(Reading database ... 40%
(Reading database ... 45%
(Reading database ... 50%
(Reading database ... 55%
(Reading database ... 60%
(Reading database ... 65%
(Reading database ... 70%
(Reading database ... 75%
(Reading database ... 80%
(Reading database ... 85%
(Reading database ... 90%
(Reading database ... 95%
(Reading database ... 100%
(Reading database ... 8208 files and directories currently installed.)
#7 3.189 Preparing to unpack .../liblocale-gettext-perl_1.07-4build3_amd64.deb ...
#7 3.199 Unpacking liblocale-gettext-perl (1.07-4build3) ...
#7 3.308 Selecting previously unselected package libpython3.10-minimal:amd64.
#7 3.311 Preparing to unpack .../libpython3.10-minimal_3.10.12-1~22.04.11_amd64.deb ...
#7 3.322 Unpacking libpython3.10-minimal:amd64 (3.10.12-1~22.04.11) ...
#7 3.497 Selecting previously unselected package python3.10-minimal.
#7 3.498 Preparing to unpack .../python3.10-minimal_3.10.12-1~22.04.11_amd64.deb ...
#7 3.515 Unpacking python3.10-minimal (3.10.12-1~22.04.11) ...
#7 3.657 Setting up libpython3.10-minimal:amd64 (3.10.12-1~22.04.11) ...
#7 3.703 Setting up python3.10-minimal (3.10.12-1~22.04.11) ...
#7 4.270 Selecting previously unselected package python3-minimal.
#7 4.270 (Reading database ... 
(Reading database ... 5%
(Reading database ... 10%
(Reading database ... 15%
(Reading database ... 20%
(Reading database ... 25%
(Reading database ... 30%
(Reading database ... 35%
(Reading database ... 40%
(Reading database ... 45%
(Reading database ... 50%
(Reading database ... 55%
(Reading database ... 60%
(Reading database ... 65%
(Reading database ... 70%
(Reading database ... 75%
(Reading database ... 80%
(Reading database ... 85%
(Reading database ... 90%
(Reading database ... 95%
(Reading database ... 100%
(Reading database ... 8518 files and directories currently installed.)
#7 4.276 Preparing to unpack .../0-python3-minimal_3.10.6-1~22.04.1_amd64.deb ...
#7 4.285 Unpacking python3-minimal (3.10.6-1~22.04.1) ...
#7 4.351 Selecting previously unselected package media-types.
#7 4.352 Preparing to unpack .../1-media-types_7.0.0_all.deb ...
#7 4.362 Unpacking media-types (7.0.0) ...
#7 4.437 Selecting previously unselected package libmpdec3:amd64.
#7 4.438 Preparing to unpack .../2-libmpdec3_2.5.1-2build2_amd64.deb ...
#7 4.456 Unpacking libmpdec3:amd64 (2.5.1-2build2) ...
#7 4.519 Selecting previously unselected package libpython3.10-stdlib:amd64.
#7 4.520 Preparing to unpack .../3-libpython3.10-stdlib_3.10.12-1~22.04.11_amd64.deb ...
#7 4.530 Unpacking libpython3.10-stdlib:amd64 (3.10.12-1~22.04.11) ...
#7 4.689 Selecting previously unselected package python3.10.
#7 4.690 Preparing to unpack .../4-python3.10_3.10.12-1~22.04.11_amd64.deb ...
#7 4.698 Unpacking python3.10 (3.10.12-1~22.04.11) ...
#7 4.765 Selecting previously unselected package libpython3-stdlib:amd64.
#7 4.766 Preparing to unpack .../5-libpython3-stdlib_3.10.6-1~22.04.1_amd64.deb ...
#7 4.776 Unpacking libpython3-stdlib:amd64 (3.10.6-1~22.04.1) ...
#7 4.843 Setting up python3-minimal (3.10.6-1~22.04.1) ...
#7 5.161 Selecting previously unselected package python3.
#7 5.161 (Reading database ... 
(Reading database ... 5%
(Reading database ... 10%
(Reading database ... 15%
(Reading database ... 20%
(Reading database ... 25%
(Reading database ... 30%
(Reading database ... 35%
(Reading database ... 40%
(Reading database ... 45%
(Reading database ... 50%
(Reading database ... 55%
(Reading database ... 60%
(Reading database ... 65%
(Reading database ... 70%
(Reading database ... 75%
(Reading database ... 80%
(Reading database ... 85%
(Reading database ... 90%
(Reading database ... 95%
(Reading database ... 100%
(Reading database ... 8920 files and directories currently installed.)
#7 5.174 Preparing to unpack .../00-python3_3.10.6-1~22.04.1_amd64.deb ...
#7 5.192 Unpacking python3 (3.10.6-1~22.04.1) ...
#7 5.274 Selecting previously unselected package perl-modules-5.34.
#7 5.276 Preparing to unpack .../01-perl-modules-5.34_5.34.0-3ubuntu1.5_all.deb ...
#7 5.287 Unpacking perl-modules-5.34 (5.34.0-3ubuntu1.5) ...
#7 5.780 Selecting previously unselected package libgdbm6:amd64.
#7 5.783 Preparing to unpack .../02-libgdbm6_1.23-1_amd64.deb ...
#7 5.792 Unpacking libgdbm6:amd64 (1.23-1) ...
#7 5.876 Selecting previously unselected package libgdbm-compat4:amd64.
#7 5.878 Preparing to unpack .../03-libgdbm-compat4_1.23-1_amd64.deb ...
#7 5.889 Unpacking libgdbm-compat4:amd64 (1.23-1) ...
#7 5.975 Selecting previously unselected package libperl5.34:amd64.
#7 5.978 Preparing to unpack .../04-libperl5.34_5.34.0-3ubuntu1.5_amd64.deb ...
#7 5.988 Unpacking libperl5.34:amd64 (5.34.0-3ubuntu1.5) ...
#7 6.307 Selecting previously unselected package perl.
#7 6.310 Preparing to unpack .../05-perl_5.34.0-3ubuntu1.5_amd64.deb ...
#7 6.330 Unpacking perl (5.34.0-3ubuntu1.5) ...
#7 6.442 Selecting previously unselected package libmd0:amd64.
#7 6.444 Preparing to unpack .../06-libmd0_1.0.4-1build1_amd64.deb ...
#7 6.453 Unpacking libmd0:amd64 (1.0.4-1build1) ...
#7 6.530 Selecting previously unselected package libbsd0:amd64.
#7 6.532 Preparing to unpack .../07-libbsd0_0.11.5-1_amd64.deb ...
#7 6.541 Unpacking libbsd0:amd64 (0.11.5-1) ...
#7 6.618 Selecting previously unselected package netbase.
#7 6.620 Preparing to unpack .../08-netbase_6.3_all.deb ...
#7 6.630 Unpacking netbase (6.3) ...
#7 6.707 Selecting previously unselected package python3-pkg-resources.
#7 6.709 Preparing to unpack .../09-python3-pkg-resources_59.6.0-1.2ubuntu0.22.04.3_all.deb ...
#7 6.717 Unpacking python3-pkg-resources (59.6.0-1.2ubuntu0.22.04.3) ...
#7 6.796 Selecting previously unselected package libxau6:amd64.
#7 6.798 Preparing to unpack .../10-libxau6_1%3a1.0.9-1build5_amd64.deb ...
#7 6.808 Unpacking libxau6:amd64 (1:1.0.9-1build5) ...
#7 6.884 Selecting previously unselected package libxdmcp6:amd64.
#7 6.886 Preparing to unpack .../11-libxdmcp6_1%3a1.1.3-0ubuntu5_amd64.deb ...
#7 6.894 Unpacking libxdmcp6:amd64 (1:1.1.3-0ubuntu5) ...
#7 6.973 Selecting previously unselected package libxcb1:amd64.
#7 6.976 Preparing to unpack .../12-libxcb1_1.14-3ubuntu3_amd64.deb ...
#7 6.984 Unpacking libxcb1:amd64 (1.14-3ubuntu3) ...
#7 7.047 Selecting previously unselected package libx11-data.
#7 7.050 Preparing to unpack .../13-libx11-data_2%3a1.7.5-1ubuntu0.3_all.deb ...
#7 7.060 Unpacking libx11-data (2:1.7.5-1ubuntu0.3) ...
#7 7.199 Selecting previously unselected package libx11-6:amd64.
#7 7.201 Preparing to unpack .../14-libx11-6_2%3a1.7.5-1ubuntu0.3_amd64.deb ...
#7 7.212 Unpacking libx11-6:amd64 (2:1.7.5-1ubuntu0.3) ...
#7 7.288 Selecting previously unselected package manpages.
#7 7.291 Preparing to unpack .../15-manpages_5.10-1ubuntu1_all.deb ...
#7 7.300 Unpacking manpages (5.10-1ubuntu1) ...
#7 7.463 Selecting previously unselected package xz-utils.
#7 7.466 Preparing to unpack .../16-xz-utils_5.2.5-2ubuntu1_amd64.deb ...
#7 7.475 Unpacking xz-utils (5.2.5-2ubuntu1) ...
#7 7.546 Selecting previously unselected package libc-dev-bin.
#7 7.548 Preparing to unpack .../17-libc-dev-bin_2.35-0ubuntu3.11_amd64.deb ...
#7 7.557 Unpacking libc-dev-bin (2.35-0ubuntu3.11) ...
#7 7.626 Selecting previously unselected package linux-libc-dev:amd64.
#7 7.629 Preparing to unpack .../18-linux-libc-dev_5.15.0-157.167_amd64.deb ...
#7 7.638 Unpacking linux-libc-dev:amd64 (5.15.0-157.167) ...
#7 7.902 Selecting previously unselected package libcrypt-dev:amd64.
#7 7.904 Preparing to unpack .../19-libcrypt-dev_1%3a4.4.27-1_amd64.deb ...
#7 7.911 Unpacking libcrypt-dev:amd64 (1:4.4.27-1) ...
#7 7.975 Selecting previously unselected package rpcsvc-proto.
#7 7.976 Preparing to unpack .../20-rpcsvc-proto_1.4.2-0ubuntu6_amd64.deb ...
#7 7.984 Unpacking rpcsvc-proto (1.4.2-0ubuntu6) ...
#7 8.060 Selecting previously unselected package libtirpc-dev:amd64.
#7 8.061 Preparing to unpack .../21-libtirpc-dev_1.3.2-2ubuntu0.1_amd64.deb ...
#7 8.070 Unpacking libtirpc-dev:amd64 (1.3.2-2ubuntu0.1) ...
#7 8.141 Selecting previously unselected package libnsl-dev:amd64.
#7 8.142 Preparing to unpack .../22-libnsl-dev_1.3.0-2build2_amd64.deb ...
#7 8.151 Unpacking libnsl-dev:amd64 (1.3.0-2build2) ...
#7 8.209 Selecting previously unselected package libc6-dev:amd64.
#7 8.211 Preparing to unpack .../23-libc6-dev_2.35-0ubuntu3.11_amd64.deb ...
#7 8.219 Unpacking libc6-dev:amd64 (2.35-0ubuntu3.11) ...
#7 8.420 Selecting previously unselected package gcc-11-base:amd64.
#7 8.422 Preparing to unpack .../24-gcc-11-base_11.4.0-1ubuntu1~22.04.2_amd64.deb ...
#7 8.432 Unpacking gcc-11-base:amd64 (11.4.0-1ubuntu1~22.04.2) ...
#7 8.511 Selecting previously unselected package libisl23:amd64.
#7 8.513 Preparing to unpack .../25-libisl23_0.24-2build1_amd64.deb ...
#7 8.523 Unpacking libisl23:amd64 (0.24-2build1) ...
#7 8.621 Selecting previously unselected package libmpfr6:amd64.
#7 8.622 Preparing to unpack .../26-libmpfr6_4.1.0-3build3_amd64.deb ...
#7 8.632 Unpacking libmpfr6:amd64 (4.1.0-3build3) ...
#7 8.728 Selecting previously unselected package libmpc3:amd64.
#7 8.729 Preparing to unpack .../27-libmpc3_1.2.1-2build1_amd64.deb ...
#7 8.739 Unpacking libmpc3:amd64 (1.2.1-2build1) ...
#7 8.808 Selecting previously unselected package cpp-11.
#7 8.811 Preparing to unpack .../28-cpp-11_11.4.0-1ubuntu1~22.04.2_amd64.deb ...
#7 8.823 Unpacking cpp-11 (11.4.0-1ubuntu1~22.04.2) ...
#7 9.080 Selecting previously unselected package cpp.
#7 9.082 Preparing to unpack .../29-cpp_4%3a11.2.0-1ubuntu1_amd64.deb ...
#7 9.093 Unpacking cpp (4:11.2.0-1ubuntu1) ...
#7 9.173 Selecting previously unselected package libcc1-0:amd64.
#7 9.176 Preparing to unpack .../30-libcc1-0_12.3.0-1ubuntu1~22.04.2_amd64.deb ...
#7 9.186 Unpacking libcc1-0:amd64 (12.3.0-1ubuntu1~22.04.2) ...
#7 9.279 Selecting previously unselected package libgomp1:amd64.
#7 9.282 Preparing to unpack .../31-libgomp1_12.3.0-1ubuntu1~22.04.2_amd64.deb ...
#7 9.293 Unpacking libgomp1:amd64 (12.3.0-1ubuntu1~22.04.2) ...
#7 9.382 Selecting previously unselected package libitm1:amd64.
#7 9.385 Preparing to unpack .../32-libitm1_12.3.0-1ubuntu1~22.04.2_amd64.deb ...
#7 9.395 Unpacking libitm1:amd64 (12.3.0-1ubuntu1~22.04.2) ...
#7 9.480 Selecting previously unselected package libatomic1:amd64.
#7 9.483 Preparing to unpack .../33-libatomic1_12.3.0-1ubuntu1~22.04.2_amd64.deb ...
#7 9.494 Unpacking libatomic1:amd64 (12.3.0-1ubuntu1~22.04.2) ...
#7 9.582 Selecting previously unselected package libasan6:amd64.
#7 9.583 Preparing to unpack .../34-libasan6_11.4.0-1ubuntu1~22.04.2_amd64.deb ...
#7 9.594 Unpacking libasan6:amd64 (11.4.0-1ubuntu1~22.04.2) ...
#7 9.733 Selecting previously unselected package liblsan0:amd64.
#7 9.736 Preparing to unpack .../35-liblsan0_12.3.0-1ubuntu1~22.04.2_amd64.deb ...
#7 9.747 Unpacking liblsan0:amd64 (12.3.0-1ubuntu1~22.04.2) ...
#7 9.865 Selecting previously unselected package libtsan0:amd64.
#7 9.868 Preparing to unpack .../36-libtsan0_11.4.0-1ubuntu1~22.04.2_amd64.deb ...
#7 9.880 Unpacking libtsan0:amd64 (11.4.0-1ubuntu1~22.04.2) ...
#7 10.03 Selecting previously unselected package libubsan1:amd64.
#7 10.03 Preparing to unpack .../37-libubsan1_12.3.0-1ubuntu1~22.04.2_amd64.deb ...
#7 10.04 Unpacking libubsan1:amd64 (12.3.0-1ubuntu1~22.04.2) ...
#7 10.15 Selecting previously unselected package libquadmath0:amd64.
#7 10.15 Preparing to unpack .../38-libquadmath0_12.3.0-1ubuntu1~22.04.2_amd64.deb ...
#7 10.16 Unpacking libquadmath0:amd64 (12.3.0-1ubuntu1~22.04.2) ...
#7 10.23 Selecting previously unselected package libgcc-11-dev:amd64.
#7 10.24 Preparing to unpack .../39-libgcc-11-dev_11.4.0-1ubuntu1~22.04.2_amd64.deb ...
#7 10.25 Unpacking libgcc-11-dev:amd64 (11.4.0-1ubuntu1~22.04.2) ...
#7 10.44 Selecting previously unselected package gcc-11.
#7 10.44 Preparing to unpack .../40-gcc-11_11.4.0-1ubuntu1~22.04.2_amd64.deb ...
#7 10.45 Unpacking gcc-11 (11.4.0-1ubuntu1~22.04.2) ...
#7 10.85 Selecting previously unselected package gcc.
#7 10.86 Preparing to unpack .../41-gcc_4%3a11.2.0-1ubuntu1_amd64.deb ...
#7 10.87 Unpacking gcc (4:11.2.0-1ubuntu1) ...
#7 10.95 Selecting previously unselected package libstdc++-11-dev:amd64.
#7 10.95 Preparing to unpack .../42-libstdc++-11-dev_11.4.0-1ubuntu1~22.04.2_amd64.deb ...
#7 10.96 Unpacking libstdc++-11-dev:amd64 (11.4.0-1ubuntu1~22.04.2) ...
#7 11.42 Selecting previously unselected package g++-11.
#7 11.42 Preparing to unpack .../43-g++-11_11.4.0-1ubuntu1~22.04.2_amd64.deb ...
#7 11.50 Unpacking g++-11 (11.4.0-1ubuntu1~22.04.2) ...
#7 11.81 Selecting previously unselected package g++.
#7 11.82 Preparing to unpack .../44-g++_4%3a11.2.0-1ubuntu1_amd64.deb ...
#7 11.83 Unpacking g++ (4:11.2.0-1ubuntu1) ...
#7 11.90 Selecting previously unselected package make.
#7 11.90 Preparing to unpack .../45-make_4.3-4.1build1_amd64.deb ...
#7 11.91 Unpacking make (4.3-4.1build1) ...
#7 11.99 Selecting previously unselected package libdpkg-perl.
#7 12.00 Preparing to unpack .../46-libdpkg-perl_1.21.1ubuntu2.6_all.deb ...
#7 12.01 Unpacking libdpkg-perl (1.21.1ubuntu2.6) ...
#7 12.13 Selecting previously unselected package bzip2.
#7 12.14 Preparing to unpack .../47-bzip2_1.0.8-5build1_amd64.deb ...
#7 12.15 Unpacking bzip2 (1.0.8-5build1) ...
#7 12.22 Selecting previously unselected package patch.
#7 12.22 Preparing to unpack .../48-patch_2.7.6-7build2_amd64.deb ...
#7 12.23 Unpacking patch (2.7.6-7build2) ...
#7 12.31 Selecting previously unselected package lto-disabled-list.
#7 12.31 Preparing to unpack .../49-lto-disabled-list_24_all.deb ...
#7 12.32 Unpacking lto-disabled-list (24) ...
#7 12.40 Selecting previously unselected package dpkg-dev.
#7 12.40 Preparing to unpack .../50-dpkg-dev_1.21.1ubuntu2.6_all.deb ...
#7 12.41 Unpacking dpkg-dev (1.21.1ubuntu2.6) ...
#7 12.52 Selecting previously unselected package build-essential.
#7 12.52 Preparing to unpack .../51-build-essential_12.9ubuntu3_amd64.deb ...
#7 12.53 Unpacking build-essential (12.9ubuntu3) ...
#7 12.61 Selecting previously unselected package libfakeroot:amd64.
#7 12.61 Preparing to unpack .../52-libfakeroot_1.28-1ubuntu1_amd64.deb ...
#7 12.62 Unpacking libfakeroot:amd64 (1.28-1ubuntu1) ...
#7 12.71 Selecting previously unselected package fakeroot.
#7 12.71 Preparing to unpack .../53-fakeroot_1.28-1ubuntu1_amd64.deb ...
#7 12.72 Unpacking fakeroot (1.28-1ubuntu1) ...
#7 12.82 Selecting previously unselected package javascript-common.
#7 12.82 Preparing to unpack .../54-javascript-common_11+nmu1_all.deb ...
#7 12.85 Unpacking javascript-common (11+nmu1) ...
#7 12.92 Selecting previously unselected package libalgorithm-diff-perl.
#7 12.92 Preparing to unpack .../55-libalgorithm-diff-perl_1.201-1_all.deb ...
#7 12.93 Unpacking libalgorithm-diff-perl (1.201-1) ...
#7 13.01 Selecting previously unselected package libalgorithm-diff-xs-perl.
#7 13.01 Preparing to unpack .../56-libalgorithm-diff-xs-perl_0.04-6build3_amd64.deb ...
#7 13.02 Unpacking libalgorithm-diff-xs-perl (0.04-6build3) ...
#7 13.10 Selecting previously unselected package libalgorithm-merge-perl.
#7 13.10 Preparing to unpack .../57-libalgorithm-merge-perl_0.08-3_all.deb ...
#7 13.11 Unpacking libalgorithm-merge-perl (0.08-3) ...
#7 13.20 Selecting previously unselected package libjpeg-turbo8:amd64.
#7 13.20 Preparing to unpack .../58-libjpeg-turbo8_2.1.2-0ubuntu1_amd64.deb ...
#7 13.21 Unpacking libjpeg-turbo8:amd64 (2.1.2-0ubuntu1) ...
#7 13.28 Selecting previously unselected package libjpeg8:amd64.
#7 13.29 Preparing to unpack .../59-libjpeg8_8c-2ubuntu10_amd64.deb ...
#7 13.30 Unpacking libjpeg8:amd64 (8c-2ubuntu10) ...
#7 13.39 Selecting previously unselected package libdeflate0:amd64.
#7 13.39 Preparing to unpack .../60-libdeflate0_1.10-2_amd64.deb ...
#7 13.40 Unpacking libdeflate0:amd64 (1.10-2) ...
#7 13.49 Selecting previously unselected package libjbig0:amd64.
#7 13.49 Preparing to unpack .../61-libjbig0_2.1-3.1ubuntu0.22.04.1_amd64.deb ...
#7 13.51 Unpacking libjbig0:amd64 (2.1-3.1ubuntu0.22.04.1) ...
#7 13.59 Selecting previously unselected package libwebp7:amd64.
#7 13.60 Preparing to unpack .../62-libwebp7_1.2.2-2ubuntu0.22.04.2_amd64.deb ...
#7 13.61 Unpacking libwebp7:amd64 (1.2.2-2ubuntu0.22.04.2) ...
#7 13.70 Selecting previously unselected package libtiff5:amd64.
#7 13.70 Preparing to unpack .../63-libtiff5_4.3.0-6ubuntu0.12_amd64.deb ...
#7 13.72 Unpacking libtiff5:amd64 (4.3.0-6ubuntu0.12) ...
#7 13.80 Selecting previously unselected package libxpm4:amd64.
#7 13.81 Preparing to unpack .../64-libxpm4_1%3a3.5.12-1ubuntu0.22.04.2_amd64.deb ...
#7 13.82 Unpacking libxpm4:amd64 (1:3.5.12-1ubuntu0.22.04.2) ...
#7 13.91 Selecting previously unselected package libgd3:amd64.
#7 13.91 Preparing to unpack .../65-libgd3_2.3.0-2ubuntu2.3_amd64.deb ...
#7 13.92 Unpacking libgd3:amd64 (2.3.0-2ubuntu2.3) ...
#7 14.00 Selecting previously unselected package libc-devtools.
#7 14.01 Preparing to unpack .../66-libc-devtools_2.35-0ubuntu3.11_amd64.deb ...
#7 14.02 Unpacking libc-devtools (2.35-0ubuntu3.11) ...
#7 14.10 Selecting previously unselected package libexpat1-dev:amd64.
#7 14.10 Preparing to unpack .../67-libexpat1-dev_2.4.7-1ubuntu0.6_amd64.deb ...
#7 14.11 Unpacking libexpat1-dev:amd64 (2.4.7-1ubuntu0.6) ...
#7 14.21 Selecting previously unselected package libfile-fcntllock-perl.
#7 14.21 Preparing to unpack .../68-libfile-fcntllock-perl_0.22-3build7_amd64.deb ...
#7 14.22 Unpacking libfile-fcntllock-perl (0.22-3build7) ...
#7 14.32 Selecting previously unselected package libjs-jquery.
#7 14.32 Preparing to unpack .../69-libjs-jquery_3.6.0+dfsg+~3.5.13-1_all.deb ...
#7 14.35 Unpacking libjs-jquery (3.6.0+dfsg+~3.5.13-1) ...
#7 14.43 Selecting previously unselected package libjs-underscore.
#7 14.43 Preparing to unpack .../70-libjs-underscore_1.13.2~dfsg-2_all.deb ...
#7 14.45 Unpacking libjs-underscore (1.13.2~dfsg-2) ...
#7 14.52 Selecting previously unselected package libjs-sphinxdoc.
#7 14.53 Preparing to unpack .../71-libjs-sphinxdoc_4.3.2-1_all.deb ...
#7 14.54 Unpacking libjs-sphinxdoc (4.3.2-1) ...
#7 14.64 Selecting previously unselected package libpython3.10:amd64.
#7 14.64 Preparing to unpack .../72-libpython3.10_3.10.12-1~22.04.11_amd64.deb ...
#7 14.65 Unpacking libpython3.10:amd64 (3.10.12-1~22.04.11) ...
#7 14.83 Selecting previously unselected package zlib1g-dev:amd64.
#7 14.83 Preparing to unpack .../73-zlib1g-dev_1%3a1.2.11.dfsg-2ubuntu9.2_amd64.deb ...
#7 14.87 Unpacking zlib1g-dev:amd64 (1:1.2.11.dfsg-2ubuntu9.2) ...
#7 14.95 Selecting previously unselected package libpython3.10-dev:amd64.
#7 14.95 Preparing to unpack .../74-libpython3.10-dev_3.10.12-1~22.04.11_amd64.deb ...
#7 14.96 Unpacking libpython3.10-dev:amd64 (3.10.12-1~22.04.11) ...
#7 15.24 Selecting previously unselected package libpython3-dev:amd64.
#7 15.24 Preparing to unpack .../75-libpython3-dev_3.10.6-1~22.04.1_amd64.deb ...
#7 15.25 Unpacking libpython3-dev:amd64 (3.10.6-1~22.04.1) ...
#7 15.32 Selecting previously unselected package manpages-dev.
#7 15.33 Preparing to unpack .../76-manpages-dev_5.10-1ubuntu1_all.deb ...
#7 15.34 Unpacking manpages-dev (5.10-1ubuntu1) ...
#7 15.61 Selecting previously unselected package python3.10-dev.
#7 15.62 Preparing to unpack .../77-python3.10-dev_3.10.12-1~22.04.11_amd64.deb ...
#7 15.63 Unpacking python3.10-dev (3.10.12-1~22.04.11) ...
#7 15.70 Selecting previously unselected package python3-lib2to3.
#7 15.70 Preparing to unpack .../78-python3-lib2to3_3.10.8-1~22.04_all.deb ...
#7 15.71 Unpacking python3-lib2to3 (3.10.8-1~22.04) ...
#7 15.81 Selecting previously unselected package python3-distutils.
#7 15.81 Preparing to unpack .../79-python3-distutils_3.10.8-1~22.04_all.deb ...
#7 15.82 Unpacking python3-distutils (3.10.8-1~22.04) ...
#7 15.92 Selecting previously unselected package python3-dev.
#7 15.93 Preparing to unpack .../80-python3-dev_3.10.6-1~22.04.1_amd64.deb ...
#7 15.93 Unpacking python3-dev (3.10.6-1~22.04.1) ...
#7 16.00 Selecting previously unselected package python3-setuptools.
#7 16.01 Preparing to unpack .../81-python3-setuptools_59.6.0-1.2ubuntu0.22.04.3_all.deb ...
#7 16.01 Unpacking python3-setuptools (59.6.0-1.2ubuntu0.22.04.3) ...
#7 16.12 Selecting previously unselected package python3-wheel.
#7 16.12 Preparing to unpack .../82-python3-wheel_0.37.1-2ubuntu0.22.04.1_all.deb ...
#7 16.13 Unpacking python3-wheel (0.37.1-2ubuntu0.22.04.1) ...
#7 16.22 Selecting previously unselected package python3-pip.
#7 16.23 Preparing to unpack .../83-python3-pip_22.0.2+dfsg-1ubuntu0.7_all.deb ...
#7 16.24 Unpacking python3-pip (22.0.2+dfsg-1ubuntu0.7) ...
#7 16.48 Selecting previously unselected package unzip.
#7 16.48 Preparing to unpack .../84-unzip_6.0-26ubuntu3.2_amd64.deb ...
#7 16.50 Unpacking unzip (6.0-26ubuntu3.2) ...
#7 16.58 Setting up media-types (7.0.0) ...
#7 16.63 Setting up javascript-common (11+nmu1) ...
#7 16.71 Setting up gcc-11-base:amd64 (11.4.0-1ubuntu1~22.04.2) ...
#7 16.74 Setting up libxau6:amd64 (1:1.0.9-1build5) ...
#7 16.77 Setting up lto-disabled-list (24) ...
#7 16.79 Setting up manpages (5.10-1ubuntu1) ...
#7 16.82 Setting up unzip (6.0-26ubuntu3.2) ...
#7 16.86 Setting up libdeflate0:amd64 (1.10-2) ...
#7 16.88 Setting up linux-libc-dev:amd64 (5.15.0-157.167) ...
#7 16.91 Setting up libgomp1:amd64 (12.3.0-1ubuntu1~22.04.2) ...
#7 16.94 Setting up perl-modules-5.34 (5.34.0-3ubuntu1.5) ...
#7 16.96 Setting up bzip2 (1.0.8-5build1) ...
#7 16.99 Setting up libjbig0:amd64 (2.1-3.1ubuntu0.22.04.1) ...
#7 17.02 Setting up libfakeroot:amd64 (1.28-1ubuntu1) ...
#7 17.06 Setting up libasan6:amd64 (11.4.0-1ubuntu1~22.04.2) ...
#7 17.09 Setting up fakeroot (1.28-1ubuntu1) ...
#7 17.12 update-alternatives: using /usr/bin/fakeroot-sysv to provide /usr/bin/fakeroot (fakeroot) in auto mode
#7 17.12 update-alternatives: warning: skip creation of /usr/share/man/man1/fakeroot.1.gz because associated file /usr/share/man/man1/fakeroot-sysv.1.gz (of link group fakeroot) doesn't exist
#7 17.12 update-alternatives: warning: skip creation of /usr/share/man/man1/faked.1.gz because associated file /usr/share/man/man1/faked-sysv.1.gz (of link group fakeroot) doesn't exist
#7 17.12 update-alternatives: warning: skip creation of /usr/share/man/es/man1/fakeroot.1.gz because associated file /usr/share/man/es/man1/fakeroot-sysv.1.gz (of link group fakeroot) doesn't exist
#7 17.12 update-alternatives: warning: skip creation of /usr/share/man/es/man1/faked.1.gz because associated file /usr/share/man/es/man1/faked-sysv.1.gz (of link group fakeroot) doesn't exist
#7 17.12 update-alternatives: warning: skip creation of /usr/share/man/fr/man1/fakeroot.1.gz because associated file /usr/share/man/fr/man1/fakeroot-sysv.1.gz (of link group fakeroot) doesn't exist
#7 17.12 update-alternatives: warning: skip creation of /usr/share/man/fr/man1/faked.1.gz because associated file /usr/share/man/fr/man1/faked-sysv.1.gz (of link group fakeroot) doesn't exist
#7 17.12 update-alternatives: warning: skip creation of /usr/share/man/sv/man1/fakeroot.1.gz because associated file /usr/share/man/sv/man1/fakeroot-sysv.1.gz (of link group fakeroot) doesn't exist
#7 17.12 update-alternatives: warning: skip creation of /usr/share/man/sv/man1/faked.1.gz because associated file /usr/share/man/sv/man1/faked-sysv.1.gz (of link group fakeroot) doesn't exist
#7 17.15 Setting up libtirpc-dev:amd64 (1.3.2-2ubuntu0.1) ...
#7 17.18 Setting up rpcsvc-proto (1.4.2-0ubuntu6) ...
#7 17.21 Setting up libx11-data (2:1.7.5-1ubuntu0.3) ...
#7 17.23 Setting up make (4.3-4.1build1) ...
#7 17.26 Setting up libmpfr6:amd64 (4.1.0-3build3) ...
#7 17.29 Setting up xz-utils (5.2.5-2ubuntu1) ...
#7 17.32 update-alternatives: using /usr/bin/xz to provide /usr/bin/lzma (lzma) in auto mode
#7 17.32 update-alternatives: warning: skip creation of /usr/share/man/man1/lzma.1.gz because associated file /usr/share/man/man1/xz.1.gz (of link group lzma) doesn't exist
#7 17.32 update-alternatives: warning: skip creation of /usr/share/man/man1/unlzma.1.gz because associated file /usr/share/man/man1/unxz.1.gz (of link group lzma) doesn't exist
#7 17.32 update-alternatives: warning: skip creation of /usr/share/man/man1/lzcat.1.gz because associated file /usr/share/man/man1/xzcat.1.gz (of link group lzma) doesn't exist
#7 17.32 update-alternatives: warning: skip creation of /usr/share/man/man1/lzmore.1.gz because associated file /usr/share/man/man1/xzmore.1.gz (of link group lzma) doesn't exist
#7 17.32 update-alternatives: warning: skip creation of /usr/share/man/man1/lzless.1.gz because associated file /usr/share/man/man1/xzless.1.gz (of link group lzma) doesn't exist
#7 17.32 update-alternatives: warning: skip creation of /usr/share/man/man1/lzdiff.1.gz because associated file /usr/share/man/man1/xzdiff.1.gz (of link group lzma) doesn't exist
#7 17.32 update-alternatives: warning: skip creation of /usr/share/man/man1/lzcmp.1.gz because associated file /usr/share/man/man1/xzcmp.1.gz (of link group lzma) doesn't exist
#7 17.32 update-alternatives: warning: skip creation of /usr/share/man/man1/lzgrep.1.gz because associated file /usr/share/man/man1/xzgrep.1.gz (of link group lzma) doesn't exist
#7 17.32 update-alternatives: warning: skip creation of /usr/share/man/man1/lzegrep.1.gz because associated file /usr/share/man/man1/xzegrep.1.gz (of link group lzma) doesn't exist
#7 17.32 update-alternatives: warning: skip creation of /usr/share/man/man1/lzfgrep.1.gz because associated file /usr/share/man/man1/xzfgrep.1.gz (of link group lzma) doesn't exist
#7 17.34 Setting up libquadmath0:amd64 (12.3.0-1ubuntu1~22.04.2) ...
#7 17.37 Setting up libmpc3:amd64 (1.2.1-2build1) ...
#7 17.40 Setting up libatomic1:amd64 (12.3.0-1ubuntu1~22.04.2) ...
#7 17.44 Setting up patch (2.7.6-7build2) ...
#7 17.47 Setting up libjpeg-turbo8:amd64 (2.1.2-0ubuntu1) ...
#7 17.50 Setting up libwebp7:amd64 (1.2.2-2ubuntu0.22.04.2) ...
#7 17.53 Setting up libubsan1:amd64 (12.3.0-1ubuntu1~22.04.2) ...
#7 17.57 Setting up libmd0:amd64 (1.0.4-1build1) ...
#7 17.60 Setting up libnsl-dev:amd64 (1.3.0-2build2) ...
#7 17.63 Setting up libcrypt-dev:amd64 (1:4.4.27-1) ...
#7 17.66 Setting up libmpdec3:amd64 (2.5.1-2build2) ...
#7 17.70 Setting up netbase (6.3) ...
#7 17.77 Setting up libjs-jquery (3.6.0+dfsg+~3.5.13-1) ...
#7 17.82 Setting up libisl23:amd64 (0.24-2build1) ...
#7 17.85 Setting up libc-dev-bin (2.35-0ubuntu3.11) ...
#7 17.88 Setting up libbsd0:amd64 (0.11.5-1) ...
#7 17.91 Setting up libcc1-0:amd64 (12.3.0-1ubuntu1~22.04.2) ...
#7 17.94 Setting up liblocale-gettext-perl (1.07-4build3) ...
#7 17.97 Setting up liblsan0:amd64 (12.3.0-1ubuntu1~22.04.2) ...
#7 18.00 Setting up libitm1:amd64 (12.3.0-1ubuntu1~22.04.2) ...
#7 18.03 Setting up libgdbm6:amd64 (1.23-1) ...
#7 18.06 Setting up libjs-underscore (1.13.2~dfsg-2) ...
#7 18.09 Setting up libtsan0:amd64 (11.4.0-1ubuntu1~22.04.2) ...
#7 18.13 Setting up libjpeg8:amd64 (8c-2ubuntu10) ...
#7 18.16 Setting up cpp-11 (11.4.0-1ubuntu1~22.04.2) ...
#7 18.19 Setting up manpages-dev (5.10-1ubuntu1) ...
#7 18.22 Setting up libxdmcp6:amd64 (1:1.1.3-0ubuntu5) ...
#7 18.25 Setting up libxcb1:amd64 (1.14-3ubuntu3) ...
#7 18.28 Setting up libpython3.10-stdlib:amd64 (3.10.12-1~22.04.11) ...
#7 18.31 Setting up libgdbm-compat4:amd64 (1.23-1) ...
#7 18.34 Setting up libjs-sphinxdoc (4.3.2-1) ...
#7 18.37 Setting up libgcc-11-dev:amd64 (11.4.0-1ubuntu1~22.04.2) ...
#7 18.40 Setting up gcc-11 (11.4.0-1ubuntu1~22.04.2) ...
#7 18.44 Setting up cpp (4:11.2.0-1ubuntu1) ...
#7 18.48 Setting up libc6-dev:amd64 (2.35-0ubuntu3.11) ...
#7 18.52 Setting up libx11-6:amd64 (2:1.7.5-1ubuntu0.3) ...
#7 18.55 Setting up libtiff5:amd64 (4.3.0-6ubuntu0.12) ...
#7 18.58 Setting up libpython3-stdlib:amd64 (3.10.6-1~22.04.1) ...
#7 18.62 Setting up libpython3.10:amd64 (3.10.12-1~22.04.11) ...
#7 18.65 Setting up libperl5.34:amd64 (5.34.0-3ubuntu1.5) ...
#7 18.68 Setting up python3.10 (3.10.12-1~22.04.11) ...
#7 19.20 Setting up libxpm4:amd64 (1:3.5.12-1ubuntu0.22.04.2) ...
#7 19.24 Setting up python3 (3.10.6-1~22.04.1) ...
#7 19.27 running python rtupdate hooks for python3.10...
#7 19.27 running python post-rtupdate hooks for python3.10...
#7 19.39 Setting up gcc (4:11.2.0-1ubuntu1) ...
#7 19.45 Setting up perl (5.34.0-3ubuntu1.5) ...
#7 19.51 Setting up libexpat1-dev:amd64 (2.4.7-1ubuntu0.6) ...
#7 19.53 Setting up libgd3:amd64 (2.3.0-2ubuntu2.3) ...
#7 19.56 Setting up libdpkg-perl (1.21.1ubuntu2.6) ...
#7 19.59 Setting up libstdc++-11-dev:amd64 (11.4.0-1ubuntu1~22.04.2) ...
#7 19.62 Setting up zlib1g-dev:amd64 (1:1.2.11.dfsg-2ubuntu9.2) ...
#7 19.65 Setting up python3-lib2to3 (3.10.8-1~22.04) ...
#7 19.80 Setting up libc-devtools (2.35-0ubuntu3.11) ...
#7 19.83 Setting up python3-pkg-resources (59.6.0-1.2ubuntu0.22.04.3) ...
#7 20.09 Setting up python3-distutils (3.10.8-1~22.04) ...
#7 20.24 Setting up python3-setuptools (59.6.0-1.2ubuntu0.22.04.3) ...
#7 20.63 Setting up g++-11 (11.4.0-1ubuntu1~22.04.2) ...
#7 20.66 Setting up libfile-fcntllock-perl (0.22-3build7) ...
#7 20.69 Setting up libalgorithm-diff-perl (1.201-1) ...
#7 20.72 Setting up python3-wheel (0.37.1-2ubuntu0.22.04.1) ...
#7 20.99 Setting up dpkg-dev (1.21.1ubuntu2.6) ...
#7 21.04 Setting up libpython3.10-dev:amd64 (3.10.12-1~22.04.11) ...
#7 21.07 Setting up python3-pip (22.0.2+dfsg-1ubuntu0.7) ...
#7 21.98 Setting up python3.10-dev (3.10.12-1~22.04.11) ...
#7 22.02 Setting up g++ (4:11.2.0-1ubuntu1) ...
#7 22.06 update-alternatives: using /usr/bin/g++ to provide /usr/bin/c++ (c++) in auto mode
#7 22.06 update-alternatives: warning: skip creation of /usr/share/man/man1/c++.1.gz because associated file /usr/share/man/man1/g++.1.gz (of link group c++) doesn't exist
#7 22.08 Setting up build-essential (12.9ubuntu3) ...
#7 22.11 Setting up libalgorithm-diff-xs-perl (0.04-6build3) ...
#7 22.14 Setting up libalgorithm-merge-perl (0.08-3) ...
#7 22.17 Setting up libpython3-dev:amd64 (3.10.6-1~22.04.1) ...
#7 22.20 Setting up python3-dev (3.10.6-1~22.04.1) ...
#7 22.23 Processing triggers for libc-bin (2.35-0ubuntu3.11) ...
#7 DONE 24.0s

#8 [ 4/11] COPY requirements.tx[t] .
#8 DONE 0.4s

#9 [ 5/11] RUN ([ -f requirements.txt ]     && pip3 install --no-cache-dir -r requirements.txt)         || pip3 install --no-cache-dir jupyter jupyterlab
#9 1.198 Collecting Babel==2.14.0
#9 1.243   Downloading Babel-2.14.0-py3-none-any.whl (11.0 MB)
#9 1.476       11.0/11.0 MB 56.8 MB/s eta 0:00:00
#9 1.519 Collecting Jinja2==3.1.3
#9 1.527   Downloading Jinja2-3.1.3-py3-none-any.whl (133 kB)
#9 1.529       133.2/133.2 KB 368.4 MB/s eta 0:00:00
#9 1.629 Collecting MarkupSafe==2.1.3
#9 1.635   Downloading MarkupSafe-2.1.3-cp310-cp310-manylinux_2_17_x86_64.manylinux2014_x86_64.whl (25 kB)
#9 1.696 Collecting PyYAML==6.0.1
#9 1.705   Downloading PyYAML-6.0.1-cp310-cp310-manylinux_2_17_x86_64.manylinux2014_x86_64.whl (705 kB)
#9 1.713       705.5/705.5 KB 113.6 MB/s eta 0:00:00
#9 1.740 Collecting Pygments==2.17.2
#9 1.750   Downloading pygments-2.17.2-py3-none-any.whl (1.2 MB)
#9 1.765       1.2/1.2 MB 89.7 MB/s eta 0:00:00
#9 1.784 Collecting Send2Trash==1.8.2
#9 1.789   Downloading Send2Trash-1.8.2-py3-none-any.whl (18 kB)
#9 1.816 Collecting anyio==4.2.0
#9 1.824   Downloading anyio-4.2.0-py3-none-any.whl (85 kB)
#9 1.826       85.5/85.5 KB 419.8 MB/s eta 0:00:00
#9 1.844 Collecting argon2-cffi-bindings==21.2.0
#9 1.850   Downloading argon2_cffi_bindings-21.2.0-cp36-abi3-manylinux_2_17_x86_64.manylinux2014_x86_64.whl (86 kB)
#9 1.852       86.2/86.2 KB 170.0 MB/s eta 0:00:00
#9 1.883 Collecting argon2-cffi==23.1.0
#9 1.889   Downloading argon2_cffi-23.1.0-py3-none-any.whl (15 kB)
#9 1.906 Collecting asttokens==2.4.1
#9 1.913   Downloading asttokens-2.4.1-py2.py3-none-any.whl (27 kB)
#9 1.927 Collecting async-lru==2.0.4
#9 1.933   Downloading async_lru-2.0.4-py3-none-any.whl (6.1 kB)
#9 1.952 Collecting attrs==23.2.0
#9 1.960   Downloading attrs-23.2.0-py3-none-any.whl (60 kB)
#9 1.962       60.8/60.8 KB 279.4 MB/s eta 0:00:00
#9 1.984 Collecting beautifulsoup4==4.12.2
#9 1.990   Downloading beautifulsoup4-4.12.2-py3-none-any.whl (142 kB)
#9 1.993       143.0/143.0 KB 266.8 MB/s eta 0:00:00
#9 2.016 Collecting bleach==6.1.0
#9 2.023   Downloading bleach-6.1.0-py3-none-any.whl (162 kB)
#9 2.027       162.8/162.8 KB 76.8 MB/s eta 0:00:00
#9 2.054 Collecting certifi==2023.11.17
#9 2.068   Downloading certifi-2023.11.17-py3-none-any.whl (162 kB)
#9 2.070       162.5/162.5 KB 452.1 MB/s eta 0:00:00
#9 2.261 Collecting cffi==1.16.0
#9 2.270   Downloading cffi-1.16.0-cp310-cp310-manylinux_2_17_x86_64.manylinux2014_x86_64.whl (443 kB)
#9 2.282       443.9/443.9 KB 41.6 MB/s eta 0:00:00
#9 2.419 Collecting charset-normalizer==3.3.2
#9 2.428   Downloading charset_normalizer-3.3.2-cp310-cp310-manylinux_2_17_x86_64.manylinux2014_x86_64.whl (142 kB)
#9 2.430       142.1/142.1 KB 449.9 MB/s eta 0:00:00
#9 2.445 Collecting comm==0.2.1
#9 2.452   Downloading comm-0.2.1-py3-none-any.whl (7.2 kB)
#9 2.624 Collecting debugpy==1.8.0
#9 2.630   Downloading debugpy-1.8.0-cp310-cp310-manylinux_2_17_x86_64.manylinux2014_x86_64.whl (3.3 MB)
#9 2.669       3.3/3.3 MB 90.4 MB/s eta 0:00:00
#9 2.692 Collecting decorator==5.1.1
#9 2.698   Downloading decorator-5.1.1-py3-none-any.whl (9.1 kB)
#9 2.713 Collecting defusedxml==0.7.1
#9 2.718   Downloading defusedxml-0.7.1-py2.py3-none-any.whl (25 kB)
#9 2.735 Collecting executing==2.0.1
#9 2.742   Downloading executing-2.0.1-py2.py3-none-any.whl (24 kB)
#9 2.758 Collecting fastjsonschema==2.19.1
#9 2.765   Downloading fastjsonschema-2.19.1-py3-none-any.whl (23 kB)
#9 2.780 Collecting idna==3.6
#9 2.786   Downloading idna-3.6-py3-none-any.whl (61 kB)
#9 2.788       61.6/61.6 KB 346.7 MB/s eta 0:00:00
#9 2.832 Collecting ipykernel==6.28.0
#9 2.839   Downloading ipykernel-6.28.0-py3-none-any.whl (114 kB)
#9 2.842       114.1/114.1 KB 345.2 MB/s eta 0:00:00
#9 2.898 Collecting ipython==8.20.0
#9 2.903   Downloading ipython-8.20.0-py3-none-any.whl (809 kB)
#9 2.914       809.2/809.2 KB 93.9 MB/s eta 0:00:00
#9 2.936 Collecting jedi==0.19.1
#9 2.945   Downloading jedi-0.19.1-py2.py3-none-any.whl (1.6 MB)
#9 2.964       1.6/1.6 MB 87.0 MB/s eta 0:00:00
#9 2.995 Collecting json5==0.9.14
#9 3.002   Downloading json5-0.9.14-py2.py3-none-any.whl (19 kB)
#9 3.019 Collecting jsonschema-specifications==2023.12.1
#9 3.024   Downloading jsonschema_specifications-2023.12.1-py3-none-any.whl (18 kB)
#9 3.056 Collecting jsonschema==4.20.0
#9 3.062   Downloading jsonschema-4.20.0-py3-none-any.whl (84 kB)
#9 3.064       84.7/84.7 KB 412.2 MB/s eta 0:00:00
#9 3.079 Collecting jupyter-events==0.9.0
#9 3.086   Downloading jupyter_events-0.9.0-py3-none-any.whl (18 kB)
#9 3.104 Collecting jupyter-lsp==2.2.1
#9 3.110   Downloading jupyter_lsp-2.2.1-py3-none-any.whl (66 kB)
#9 3.112       66.0/66.0 KB 374.5 MB/s eta 0:00:00
#9 3.146 Collecting jupyter_client==8.6.0
#9 3.152   Downloading jupyter_client-8.6.0-py3-none-any.whl (105 kB)
#9 3.154       105.9/105.9 KB 316.4 MB/s eta 0:00:00
#9 3.181 Collecting jupyter_core==5.7.1
#9 3.187   Downloading jupyter_core-5.7.1-py3-none-any.whl (28 kB)
#9 3.234 Collecting jupyter_server==2.12.4
#9 3.241   Downloading jupyter_server-2.12.4-py3-none-any.whl (380 kB)
#9 3.247       380.3/380.3 KB 92.9 MB/s eta 0:00:00
#9 3.263 Collecting jupyter_server_terminals==0.5.1
#9 3.269   Downloading jupyter_server_terminals-0.5.1-py3-none-any.whl (13 kB)
#9 3.406 Collecting jupyterlab==4.0.10
#9 3.414   Downloading jupyterlab-4.0.10-py3-none-any.whl (9.2 MB)
#9 3.492       9.2/9.2 MB 122.2 MB/s eta 0:00:00
#9 3.517 Collecting jupyterlab_pygments==0.3.0
#9 3.523   Downloading jupyterlab_pygments-0.3.0-py3-none-any.whl (15 kB)
#9 3.561 Collecting jupyterlab_server==2.25.2
#9 3.567   Downloading jupyterlab_server-2.25.2-py3-none-any.whl (58 kB)
#9 3.569       58.9/58.9 KB 317.8 MB/s eta 0:00:00
#9 3.583 Collecting matplotlib-inline==0.1.6
#9 3.589   Downloading matplotlib_inline-0.1.6-py3-none-any.whl (9.4 kB)
#9 3.610 Collecting mistune==3.0.2
#9 3.616   Downloading mistune-3.0.2-py3-none-any.whl (47 kB)
#9 3.618       48.0/48.0 KB 325.4 MB/s eta 0:00:00
#9 3.639 Collecting nbclient==0.9.0
#9 3.646   Downloading nbclient-0.9.0-py3-none-any.whl (24 kB)
#9 3.682 Collecting nbconvert==7.14.1
#9 3.689   Downloading nbconvert-7.14.1-py3-none-any.whl (256 kB)
#9 3.693       256.4/256.4 KB 131.0 MB/s eta 0:00:00
#9 3.714 Collecting nbformat==5.9.2
#9 3.722   Downloading nbformat-5.9.2-py3-none-any.whl (77 kB)
#9 3.724       77.6/77.6 KB 385.1 MB/s eta 0:00:00
#9 3.745 Collecting nest-asyncio==1.5.9
#9 3.751   Downloading nest_asyncio-1.5.9-py3-none-any.whl (5.3 kB)
#9 3.803 Collecting notebook==7.0.6
#9 3.811   Downloading notebook-7.0.6-py3-none-any.whl (4.0 MB)
#9 3.854       4.0/4.0 MB 94.7 MB/s eta 0:00:00
#9 3.874 Collecting notebook_shim==0.2.3
#9 3.879   Downloading notebook_shim-0.2.3-py3-none-any.whl (13 kB)
#9 3.899 Collecting overrides==7.4.0
#9 3.905   Downloading overrides-7.4.0-py3-none-any.whl (17 kB)
#9 3.928 Collecting packaging==23.2
#9 3.934   Downloading packaging-23.2-py3-none-any.whl (53 kB)
#9 3.935       53.0/53.0 KB 353.7 MB/s eta 0:00:00
#9 3.949 Collecting pandocfilters==1.5.0
#9 3.954   Downloading pandocfilters-1.5.0-py2.py3-none-any.whl (8.7 kB)
#9 3.972 Collecting parso==0.8.3
#9 3.977   Downloading parso-0.8.3-py2.py3-none-any.whl (100 kB)
#9 3.979       100.8/100.8 KB 260.8 MB/s eta 0:00:00
#9 3.993 Collecting pexpect==4.9.0
#9 3.998   Downloading pexpect-4.9.0-py2.py3-none-any.whl (63 kB)
#9 4.000       63.8/63.8 KB 348.3 MB/s eta 0:00:00
#9 4.024 Collecting platformdirs==4.1.0
#9 4.032   Downloading platformdirs-4.1.0-py3-none-any.whl (17 kB)
#9 4.050 Collecting prometheus-client==0.19.0
#9 4.056   Downloading prometheus_client-0.19.0-py3-none-any.whl (54 kB)
#9 4.058       54.2/54.2 KB 376.5 MB/s eta 0:00:00
#9 4.098 Collecting prompt-toolkit==3.0.43
#9 4.104   Downloading prompt_toolkit-3.0.43-py3-none-any.whl (386 kB)
#9 4.113       386.1/386.1 KB 71.8 MB/s eta 0:00:00
#9 4.387 Collecting psutil==5.9.7
#9 4.395   Downloading psutil-5.9.7-cp36-abi3-manylinux_2_12_x86_64.manylinux2010_x86_64.manylinux_2_17_x86_64.manylinux2014_x86_64.whl (285 kB)
#9 4.398       285.5/285.5 KB 462.8 MB/s eta 0:00:00
#9 4.410 Collecting ptyprocess==0.7.0
#9 4.415   Downloading ptyprocess-0.7.0-py2.py3-none-any.whl (13 kB)
#9 4.428 Collecting pure-eval==0.2.2
#9 4.434   Downloading pure_eval-0.2.2-py3-none-any.whl (11 kB)
#9 4.448 Collecting pycparser==2.21
#9 4.453   Downloading pycparser-2.21-py2.py3-none-any.whl (118 kB)
#9 4.455       118.7/118.7 KB 420.2 MB/s eta 0:00:00
#9 4.473 Collecting python-dateutil==2.8.2
#9 4.479   Downloading python_dateutil-2.8.2-py2.py3-none-any.whl (247 kB)
#9 4.482       247.7/247.7 KB 178.8 MB/s eta 0:00:00
#9 4.503 Collecting python-json-logger==2.0.7
#9 4.509   Downloading python_json_logger-2.0.7-py3-none-any.whl (8.1 kB)
#9 4.950 Collecting pyzmq==25.1.2
#9 4.959   Downloading pyzmq-25.1.2-cp310-cp310-manylinux_2_28_x86_64.whl (1.1 MB)
#9 4.970       1.1/1.1 MB 163.9 MB/s eta 0:00:00
#9 5.031 Collecting referencing==0.32.1
#9 5.037   Downloading referencing-0.32.1-py3-none-any.whl (26 kB)
#9 5.069 Collecting requests==2.31.0
#9 5.075   Downloading requests-2.31.0-py3-none-any.whl (62 kB)
#9 5.076       62.6/62.6 KB 399.4 MB/s eta 0:00:00
#9 5.090 Collecting rfc3339-validator==0.1.4
#9 5.095   Downloading rfc3339_validator-0.1.4-py2.py3-none-any.whl (3.5 kB)
#9 5.202 Collecting rfc3986-validator==0.1.1
#9 5.208   Downloading rfc3986_validator-0.1.1-py2.py3-none-any.whl (4.2 kB)
#9 5.675 Collecting rpds-py==0.17.1
#9 5.685   Downloading rpds_py-0.17.1-cp310-cp310-manylinux_2_17_x86_64.manylinux2014_x86_64.whl (1.2 MB)
#9 5.698       1.2/1.2 MB 110.0 MB/s eta 0:00:00
#9 5.714 Collecting six==1.16.0
#9 5.720   Downloading six-1.16.0-py2.py3-none-any.whl (11 kB)
#9 5.732 Collecting sniffio==1.3.0
#9 5.737   Downloading sniffio-1.3.0-py3-none-any.whl (10 kB)
#9 5.760 Collecting soupsieve==2.5
#9 5.765   Downloading soupsieve-2.5-py3-none-any.whl (36 kB)
#9 5.779 Collecting stack-data==0.6.3
#9 5.784   Downloading stack_data-0.6.3-py3-none-any.whl (24 kB)
#9 5.803 Collecting terminado==0.18.0
#9 5.809   Downloading terminado-0.18.0-py3-none-any.whl (14 kB)
#9 5.823 Collecting tinycss2==1.2.1
#9 5.828   Downloading tinycss2-1.2.1-py3-none-any.whl (21 kB)
#9 5.883 Collecting tornado==6.4
#9 5.893   Downloading tornado-6.4-cp38-abi3-manylinux_2_5_x86_64.manylinux1_x86_64.manylinux_2_17_x86_64.manylinux2014_x86_64.whl (435 kB)
#9 5.900       435.4/435.4 KB 114.5 MB/s eta 0:00:00
#9 5.948 Collecting traitlets==5.14.1
#9 5.955   Downloading traitlets-5.14.1-py3-none-any.whl (85 kB)
#9 5.956       85.4/85.4 KB 351.0 MB/s eta 0:00:00
#9 5.993 Collecting urllib3==2.1.0
#9 5.999   Downloading urllib3-2.1.0-py3-none-any.whl (104 kB)
#9 6.001       104.6/104.6 KB 425.5 MB/s eta 0:00:00
#9 6.018 Collecting wcwidth==0.2.13
#9 6.023   Downloading wcwidth-0.2.13-py2.py3-none-any.whl (34 kB)
#9 6.035 Collecting webencodings==0.5.1
#9 6.040   Downloading webencodings-0.5.1-py2.py3-none-any.whl (11 kB)
#9 6.062 Collecting websocket-client==1.7.0
#9 6.069   Downloading websocket_client-1.7.0-py3-none-any.whl (58 kB)
#9 6.071       58.5/58.5 KB 334.0 MB/s eta 0:00:00
#9 6.116 Collecting exceptiongroup>=1.0.2
#9 6.121   Downloading exceptiongroup-1.3.0-py3-none-any.whl (16 kB)
#9 6.145 Collecting typing-extensions>=4.1
#9 6.150   Downloading typing_extensions-4.15.0-py3-none-any.whl (44 kB)
#9 6.152       44.6/44.6 KB 361.8 MB/s eta 0:00:00
#9 6.439 Collecting jsonschema[format-nongpl]>=4.18.0
#9 6.445   Downloading jsonschema-4.25.1-py3-none-any.whl (90 kB)
#9 6.447       90.0/90.0 KB 174.6 MB/s eta 0:00:00
#9 6.590 Collecting tomli
#9 6.596   Downloading tomli-2.2.1-py3-none-any.whl (14 kB)
#9 7.037 Collecting jsonschema[format-nongpl]>=4.18.0
#9 7.047   Downloading jsonschema-4.25.0-py3-none-any.whl (89 kB)
#9 7.047       89.2/89.2 KB 367.8 MB/s eta 0:00:00
#9 7.065   Downloading jsonschema-4.24.1-py3-none-any.whl (89 kB)
#9 7.067       89.1/89.1 KB 123.5 MB/s eta 0:00:00
#9 7.086   Downloading jsonschema-4.24.0-py3-none-any.whl (88 kB)
#9 7.088       88.7/88.7 KB 391.4 MB/s eta 0:00:00
#9 7.106   Downloading jsonschema-4.23.0-py3-none-any.whl (88 kB)
#9 7.108       88.5/88.5 KB 403.4 MB/s eta 0:00:00
#9 7.127   Downloading jsonschema-4.22.0-py3-none-any.whl (88 kB)
#9 7.129       88.3/88.3 KB 220.3 MB/s eta 0:00:00
#9 7.149   Downloading jsonschema-4.21.1-py3-none-any.whl (85 kB)
#9 7.151       85.5/85.5 KB 142.9 MB/s eta 0:00:00
#9 7.171   Downloading jsonschema-4.21.0-py3-none-any.whl (85 kB)
#9 7.172       85.1/85.1 KB 390.8 MB/s eta 0:00:00
#9 7.194 Collecting uri-template
#9 7.199   Downloading uri_template-1.3.0-py3-none-any.whl (11 kB)
#9 7.215 Collecting jsonpointer>1.13
#9 7.221   Downloading jsonpointer-3.0.0-py2.py3-none-any.whl (7.6 kB)
#9 7.234 Collecting fqdn
#9 7.239   Downloading fqdn-1.5.1-py3-none-any.whl (9.1 kB)
#9 7.250 Collecting isoduration
#9 7.255   Downloading isoduration-20.11.0-py3-none-any.whl (11 kB)
#9 7.369 Collecting webcolors>=1.11
#9 7.376   Downloading webcolors-24.11.1-py3-none-any.whl (14 kB)
#9 7.452 Collecting arrow>=0.15.0
#9 7.457   Downloading arrow-1.3.0-py3-none-any.whl (66 kB)
#9 7.459       66.4/66.4 KB 279.2 MB/s eta 0:00:00
#9 7.514 Collecting types-python-dateutil>=2.8.10
#9 7.519   Downloading types_python_dateutil-2.9.0.20250822-py3-none-any.whl (17 kB)
#9 7.869 Installing collected packages: webencodings, wcwidth, pure-eval, ptyprocess, json5, fastjsonschema, websocket-client, webcolors, urllib3, uri-template, typing-extensions, types-python-dateutil, traitlets, tornado, tomli, tinycss2, soupsieve, sniffio, six, Send2Trash, rpds-py, rfc3986-validator, pyzmq, PyYAML, python-json-logger, Pygments, pycparser, psutil, prompt-toolkit, prometheus-client, platformdirs, pexpect, parso, pandocfilters, packaging, overrides, nest-asyncio, mistune, MarkupSafe, jupyterlab_pygments, jsonpointer, idna, fqdn, executing, defusedxml, decorator, debugpy, charset-normalizer, certifi, Babel, attrs, terminado, rfc3339-validator, requests, referencing, python-dateutil, matplotlib-inline, jupyter_core, Jinja2, jedi, exceptiongroup, comm, cffi, bleach, beautifulsoup4, async-lru, asttokens, stack-data, jupyter_server_terminals, jupyter_client, jsonschema-specifications, arrow, argon2-cffi-bindings, anyio, jsonschema, isoduration, ipython, argon2-cffi, nbformat, ipykernel, nbclient, jupyter-events, nbconvert, jupyter_server, notebook_shim, jupyterlab_server, jupyter-lsp, jupyterlab, notebook
#9 14.25 Successfully installed Babel-2.14.0 Jinja2-3.1.3 MarkupSafe-2.1.3 PyYAML-6.0.1 Pygments-2.17.2 Send2Trash-1.8.2 anyio-4.2.0 argon2-cffi-23.1.0 argon2-cffi-bindings-21.2.0 arrow-1.3.0 asttokens-2.4.1 async-lru-2.0.4 attrs-23.2.0 beautifulsoup4-4.12.2 bleach-6.1.0 certifi-2023.11.17 cffi-1.16.0 charset-normalizer-3.3.2 comm-0.2.1 debugpy-1.8.0 decorator-5.1.1 defusedxml-0.7.1 exceptiongroup-1.3.0 executing-2.0.1 fastjsonschema-2.19.1 fqdn-1.5.1 idna-3.6 ipykernel-6.28.0 ipython-8.20.0 isoduration-20.11.0 jedi-0.19.1 json5-0.9.14 jsonpointer-3.0.0 jsonschema-4.20.0 jsonschema-specifications-2023.12.1 jupyter-events-0.9.0 jupyter-lsp-2.2.1 jupyter_client-8.6.0 jupyter_core-5.7.1 jupyter_server-2.12.4 jupyter_server_terminals-0.5.1 jupyterlab-4.0.10 jupyterlab_pygments-0.3.0 jupyterlab_server-2.25.2 matplotlib-inline-0.1.6 mistune-3.0.2 nbclient-0.9.0 nbconvert-7.14.1 nbformat-5.9.2 nest-asyncio-1.5.9 notebook-7.0.6 notebook_shim-0.2.3 overrides-7.4.0 packaging-23.2 pandocfilters-1.5.0 parso-0.8.3 pexpect-4.9.0 platformdirs-4.1.0 prometheus-client-0.19.0 prompt-toolkit-3.0.43 psutil-5.9.7 ptyprocess-0.7.0 pure-eval-0.2.2 pycparser-2.21 python-dateutil-2.8.2 python-json-logger-2.0.7 pyzmq-25.1.2 referencing-0.32.1 requests-2.31.0 rfc3339-validator-0.1.4 rfc3986-validator-0.1.1 rpds-py-0.17.1 six-1.16.0 sniffio-1.3.0 soupsieve-2.5 stack-data-0.6.3 terminado-0.18.0 tinycss2-1.2.1 tomli-2.2.1 tornado-6.4 traitlets-5.14.1 types-python-dateutil-2.9.0.20250822 typing-extensions-4.15.0 uri-template-1.3.0 urllib3-2.1.0 wcwidth-0.2.13 webcolors-24.11.1 webencodings-0.5.1 websocket-client-1.7.0
#9 14.25 WARNING: Running pip as the 'root' user can result in broken permissions and conflicting behaviour with the system package manager. It is recommended to use a virtual environment instead: https://pip.pypa.io/warnings/venv
#9 DONE 16.0s

#10 [ 6/11] RUN curl -L https://github.com/SpencerPark/IJava/releases/download/v1.3.0/ijava-1.3.0.zip > ijava-kernel.zip
#10 0.451   % Total    % Received % Xferd  Average Speed   Time    Time     Time  Current
#10 0.451                                  Dload  Upload   Total   Spent    Left  Speed
#10 0.451 
  0     0    0     0    0     0      0      0 --:--:-- --:--:-- --:--:--     0
  0     0    0     0    0     0      0      0 --:--:-- --:--:-- --:--:--     0
#10 1.219 
 40 3287k   40 1345k    0     0  1751k      0  0:00:01 --:--:--  0:00:01 1751k
100 3287k  100 3287k    0     0  3583k      0 --:--:-- --:--:-- --:--:-- 12.7M
#10 DONE 1.5s

#11 [ 7/11] RUN unzip ijava-kernel.zip -d ijava-kernel   && cd ijava-kernel   && python3 install.py --sys-prefix
#11 0.403 Archive:  ijava-kernel.zip
#11 0.403    creating: ijava-kernel/java/
#11 0.403   inflating: ijava-kernel/java/ijava-1.3.0.jar  
#11 0.435   inflating: ijava-kernel/java/kernel.json  
#11 0.435    creating: ijava-kernel/java/dependency-licenses/
#11 0.435    creating: ijava-kernel/java/dependency-licenses/commons-lang3-3.8.1.jar/
#11 0.435    creating: ijava-kernel/java/dependency-licenses/commons-lang3-3.8.1.jar/META-INF/
#11 0.435   inflating: ijava-kernel/java/dependency-licenses/commons-lang3-3.8.1.jar/META-INF/LICENSE.txt  
#11 0.436   inflating: ijava-kernel/java/dependency-licenses/commons-lang3-3.8.1.jar/META-INF/NOTICE.txt  
#11 0.436   inflating: ijava-kernel/java/dependency-licenses/dependencies.html  
#11 0.436   inflating: ijava-kernel/java/dependency-licenses/dependencies.json  
#11 0.436    creating: ijava-kernel/java/dependency-licenses/ivy-2.5.0-rc1.jar/
#11 0.436    creating: ijava-kernel/java/dependency-licenses/ivy-2.5.0-rc1.jar/META-INF/
#11 0.436   inflating: ijava-kernel/java/dependency-licenses/ivy-2.5.0-rc1.jar/META-INF/LICENSE  
#11 0.436   inflating: ijava-kernel/java/dependency-licenses/ivy-2.5.0-rc1.jar/META-INF/NOTICE  
#11 0.436    creating: ijava-kernel/java/dependency-licenses/maven-artifact-3.6.0.jar/
#11 0.436    creating: ijava-kernel/java/dependency-licenses/maven-artifact-3.6.0.jar/META-INF/
#11 0.436   inflating: ijava-kernel/java/dependency-licenses/maven-artifact-3.6.0.jar/META-INF/LICENSE  
#11 0.437   inflating: ijava-kernel/java/dependency-licenses/maven-artifact-3.6.0.jar/META-INF/NOTICE  
#11 0.437    creating: ijava-kernel/java/dependency-licenses/maven-builder-support-3.6.0.jar/
#11 0.437    creating: ijava-kernel/java/dependency-licenses/maven-builder-support-3.6.0.jar/META-INF/
#11 0.437   inflating: ijava-kernel/java/dependency-licenses/maven-builder-support-3.6.0.jar/META-INF/LICENSE  
#11 0.437   inflating: ijava-kernel/java/dependency-licenses/maven-builder-support-3.6.0.jar/META-INF/NOTICE  
#11 0.437    creating: ijava-kernel/java/dependency-licenses/maven-model-3.6.0.jar/
#11 0.437    creating: ijava-kernel/java/dependency-licenses/maven-model-3.6.0.jar/META-INF/
#11 0.437   inflating: ijava-kernel/java/dependency-licenses/maven-model-3.6.0.jar/META-INF/LICENSE  
#11 0.437   inflating: ijava-kernel/java/dependency-licenses/maven-model-3.6.0.jar/META-INF/NOTICE  
#11 0.437    creating: ijava-kernel/java/dependency-licenses/maven-model-builder-3.6.0.jar/
#11 0.437    creating: ijava-kernel/java/dependency-licenses/maven-model-builder-3.6.0.jar/META-INF/
#11 0.438   inflating: ijava-kernel/java/dependency-licenses/maven-model-builder-3.6.0.jar/META-INF/LICENSE  
#11 0.438   inflating: ijava-kernel/java/dependency-licenses/maven-model-builder-3.6.0.jar/META-INF/NOTICE  
#11 0.438    creating: ijava-kernel/java/dependency-licenses/plexus-utils-3.1.0.jar/
#11 0.438    creating: ijava-kernel/java/dependency-licenses/plexus-utils-3.1.0.jar/META-INF/
#11 0.438   inflating: ijava-kernel/java/dependency-licenses/plexus-utils-3.1.0.jar/META-INF/LICENSE  
#11 0.438   inflating: ijava-kernel/java/dependency-licenses/plexus-utils-3.1.0.jar/META-INF/NOTICE  
#11 0.438   inflating: ijava-kernel/install.py  
#11 0.576 /ijava-kernel/install.py:164: DeprecationWarning: replace is ignored. Installing a kernelspec always replaces an existing installation
#11 0.576   install_dest = KernelSpecManager().install_kernel_spec(
#11 0.748 Installed java kernel into "/usr/share/jupyter/kernels/java"
#11 DONE 0.9s

#12 [ 8/11] RUN adduser --disabled-password     --gecos "Default user"     --uid 1000     jovyan
#12 0.495 Adding user `jovyan' ...
#12 0.495 Adding new group `jovyan' (1000) ...
#12 0.556 Adding new user `jovyan' (1000) with group `jovyan' ...
#12 0.683 Creating home directory `/home/jovyan' ...
#12 0.686 Copying files from `/etc/skel' ...
#12 DONE 0.9s

#13 [ 9/11] COPY . /home/jovyan
#13 DONE 0.3s

#14 [10/11] RUN chown -R 1000 /home/jovyan
#14 DONE 2.9s

#15 [11/11] WORKDIR /home/jovyan
#15 DONE 0.2s

#16 exporting to image
#16 exporting layers
#16 exporting layers 3.0s done
#16 writing image sha256:9731cef6664923aed42fae9a77f8692ae499a23daa5a8c09b4f98948901b21ee done
#16 naming to registry.2i2c.mybinder.org/i-anhvlt-2d2k6-2dcsd201-2dijava-16f9d6:da8c8708f85d37b2fe2a4c227292dad084a01940 0.0s done
#16 DONE 3.1s

#17 pushing registry.2i2c.mybinder.org/i-anhvlt-2d2k6-2dcsd201-2dijava-16f9d6:da8c8708f85d37b2fe2a4c227292dad084a01940 with docker
#17 pushing layer 5f70bf18a086
#17 pushing layer f489c854214d
#17 pushing layer 1395f10608c3
#17 pushing layer 0e7f1abfee7d
#17 pushing layer 5d99e1e9db88
#17 pushing layer bd5fb96fca52
#17 pushing layer b27b4df38966
#17 pushing layer f79e4187092e
#17 pushing layer 9549d1de994b
#17 pushing layer dc2c5506b8ee
#17 pushing layer 48ad85b8c8b2
#17 pushing layer f018831c46bd
#17 pushing layer 7dddd9977ea6
#17 pushing layer 7dbbd2a3ab4a
#17 pushing layer 767e56ba346a
#17 pushing layer f79e4187092e 512B / 1.47kB 0.2s
#17 pushing layer f79e4187092e 3.07kB / 1.47kB 0.2s
#17 pushing layer 0e7f1abfee7d 350.21kB / 333.83kB 0.3s
#17 pushing layer 48ad85b8c8b2 7.17kB / 5.31kB 0.4s
#17 pushing layer 1395f10608c3 386.56kB / 5.36MB 0.4s
#17 pushing layer bd5fb96fca52 459.26kB / 3.37MB 0.5s
#17 pushing layer f489c854214d 588.80kB / 5.36MB 0.5s
#17 pushing layer 1395f10608c3 976.38kB / 5.36MB 0.6s
#17 pushing layer 5d99e1e9db88 755.71kB / 7.50MB 0.6s
#17 pushing layer bd5fb96fca52 655.87kB / 3.37MB 0.6s
#17 pushing layer f489c854214d 1.18MB / 5.36MB 0.7s
#17 pushing layer f489c854214d 1.85MB / 5.36MB 0.8s
#17 pushing layer 1395f10608c3 1.37MB / 5.36MB 0.7s
#17 pushing layer 5d99e1e9db88 1.64MB / 7.50MB 0.8s
#17 pushing layer bd5fb96fca52 852.48kB / 3.37MB 0.7s
#17 pushing layer 1395f10608c3 2.04MB / 5.36MB 0.8s
#17 pushing layer 5d99e1e9db88 2.82MB / 7.50MB 0.9s
#17 pushing layer bd5fb96fca52 3.02MB / 3.37MB 0.9s
#17 pushing layer f489c854214d 3.03MB / 5.36MB 0.9s
#17 pushing layer 1395f10608c3 4.64MB / 5.36MB 1.0s
#17 pushing layer 5d99e1e9db88 4.33MB / 7.50MB 1.0s
#17 pushing layer bd5fb96fca52 3.37MB / 3.37MB 0.9s
#17 pushing layer dc2c5506b8ee 3.90MB / 69.21MB 1.0s
#17 pushing layer f489c854214d 5.65MB / 5.36MB 1.1s
#17 pushing layer 1395f10608c3 5.65MB / 5.36MB 1.1s
#17 pushing layer 5d99e1e9db88 6.49MB / 7.50MB 1.1s
#17 pushing layer 7dbbd2a3ab4a 3.81MB / 56.81MB 1.1s
#17 pushing layer 5d99e1e9db88 7.55MB / 7.50MB 1.1s
#17 pushing layer dc2c5506b8ee 7.76MB / 69.21MB 1.2s
#17 pushing layer 7dbbd2a3ab4a 7.65MB / 56.81MB 1.3s
#17 pushing layer b27b4df38966 10.12MB / 152.40MB 1.5s
#17 pushing layer dc2c5506b8ee 11.66MB / 69.21MB 1.4s
#17 pushing layer 7dbbd2a3ab4a 12.07MB / 56.81MB 1.5s
#17 pushing layer dc2c5506b8ee 16.12MB / 69.21MB 1.7s
#17 pushing layer 7dddd9977ea6 17.24MB / 307.00MB 1.6s
#17 pushing layer f79e4187092e 1.8s done
#17 pushing layer f018831c46bd 1.7s done
#17 pushing layer 7dbbd2a3ab4a 16.46MB / 56.81MB 1.7s
#17 pushing layer 9549d1de994b 17.09MB / 319.73MB 1.8s
#17 pushing layer dc2c5506b8ee 21.08MB / 69.21MB 1.9s
#17 pushing layer 48ad85b8c8b2 1.9s done
#17 pushing layer 7dbbd2a3ab4a 20.28MB / 56.81MB 1.8s
#17 pushing layer 0e7f1abfee7d 2.1s done
#17 pushing layer b27b4df38966 18.72MB / 152.40MB 2.0s
#17 pushing layer dc2c5506b8ee 25.48MB / 69.21MB 2.1s
#17 pushing layer 7dbbd2a3ab4a 24.66MB / 56.81MB 2.1s
#17 pushing layer dc2c5506b8ee 30.49MB / 69.21MB 2.4s
#17 pushing layer 7dddd9977ea6 33.36MB / 307.00MB 2.3s
#17 pushing layer 7dbbd2a3ab4a 29.59MB / 56.81MB 2.3s
#17 pushing layer f489c854214d 2.6s done
#17 pushing layer 5d99e1e9db88 2.6s done
#17 pushing layer dc2c5506b8ee 35.50MB / 69.21MB 2.6s
#17 pushing layer 7dbbd2a3ab4a 34.46MB / 56.81MB 2.5s
#17 pushing layer b27b4df38966 27.34MB / 152.40MB 2.6s
#17 pushing layer 9549d1de994b 34.91MB / 319.73MB 2.7s
#17 pushing layer dc2c5506b8ee 39.96MB / 69.21MB 2.8s
#17 pushing layer 7dbbd2a3ab4a 38.77MB / 56.81MB 2.7s
#17 pushing layer 1395f10608c3 2.8s done
#17 pushing layer bd5fb96fca52 2.9s done
#17 pushing layer dc2c5506b8ee 44.41MB / 69.21MB 3.0s
#17 pushing layer 7dddd9977ea6 50.45MB / 307.00MB 3.0s
#17 pushing layer 7dbbd2a3ab4a 42.63MB / 56.81MB 2.9s
#17 pushing layer b27b4df38966 35.37MB / 152.40MB 3.2s
#17 pushing layer dc2c5506b8ee 48.87MB / 69.21MB 3.2s
#17 pushing layer 7dbbd2a3ab4a 47.00MB / 56.81MB 3.2s
#17 pushing layer dc2c5506b8ee 53.87MB / 69.21MB 3.5s
#17 pushing layer 7dbbd2a3ab4a 51.36MB / 56.81MB 3.4s
#17 pushing layer 9549d1de994b 52.61MB / 319.73MB 3.5s
#17 pushing layer 7dbbd2a3ab4a 55.04MB / 56.81MB 3.6s
#17 pushing layer 7dddd9977ea6 66.99MB / 307.00MB 3.7s
#17 pushing layer b27b4df38966 43.97MB / 152.40MB 3.8s
#17 pushing layer dc2c5506b8ee 60.53MB / 69.21MB 3.9s
#17 pushing layer 7dbbd2a3ab4a 59.54MB / 56.81MB 3.8s
#17 pushing layer dc2c5506b8ee 64.43MB / 69.21MB 4.1s
#17 pushing layer b27b4df38966 53.01MB / 152.40MB 4.4s
#17 pushing layer dc2c5506b8ee 69.23MB / 69.21MB 4.5s
#17 pushing layer 7dddd9977ea6 83.02MB / 307.00MB 4.5s
#17 pushing layer 9549d1de994b 68.92MB / 319.73MB 4.7s
#17 pushing layer b27b4df38966 61.88MB / 152.40MB 4.9s
#17 pushing layer 7dddd9977ea6 98.52MB / 307.00MB 5.3s
#17 pushing layer b27b4df38966 69.86MB / 152.40MB 5.5s
#17 pushing layer 7dbbd2a3ab4a 5.6s done
#17 pushing layer 9549d1de994b 85.63MB / 319.73MB 6.0s
#17 pushing layer b27b4df38966 77.81MB / 152.40MB 6.2s
#17 pushing layer 7dddd9977ea6 114.41MB / 307.00MB 6.5s
#17 pushing layer b27b4df38966 86.93MB / 152.40MB 7.0s
#17 pushing layer 7dddd9977ea6 130.56MB / 307.00MB 7.5s
#17 pushing layer b27b4df38966 95.12MB / 152.40MB 7.6s
#17 pushing layer 9549d1de994b 102.87MB / 319.73MB 7.6s
#17 pushing layer dc2c5506b8ee 7.8s done
#17 pushing layer b27b4df38966 104.23MB / 152.40MB 8.4s
#17 pushing layer 7dddd9977ea6 147.27MB / 307.00MB 8.6s
#17 pushing layer 9549d1de994b 118.90MB / 319.73MB 8.8s
#17 pushing layer b27b4df38966 112.90MB / 152.40MB 9.0s
#17 pushing layer b27b4df38966 122.01MB / 152.40MB 9.8s
#17 pushing layer 9549d1de994b 135.42MB / 319.73MB 9.9s
#17 pushing layer 7dddd9977ea6 162.87MB / 307.00MB 10.0s
#17 pushing layer b27b4df38966 131.15MB / 152.40MB 10.5s
#17 pushing layer b27b4df38966 139.35MB / 152.40MB 11.1s
#17 pushing layer 7dddd9977ea6 180.14MB / 307.00MB 11.2s
#17 pushing layer 9549d1de994b 152.09MB / 319.73MB 11.5s
#17 pushing layer b27b4df38966 150.16MB / 152.40MB 12.0s
#17 pushing layer 7dddd9977ea6 196.29MB / 307.00MB 12.2s
#17 pushing layer b27b4df38966 158.26MB / 152.40MB 12.7s
#17 pushing layer 9549d1de994b 168.48MB / 319.73MB 12.8s
#17 pushing layer 7dddd9977ea6 212.45MB / 307.00MB 13.2s
#17 pushing layer 7dddd9977ea6 229.16MB / 307.00MB 14.2s
#17 pushing layer 9549d1de994b 185.15MB / 319.73MB 14.4s
#17 pushing layer 7dddd9977ea6 245.31MB / 307.00MB 15.2s
#17 pushing layer 9549d1de994b 201.86MB / 319.73MB 15.9s
#17 pushing layer b27b4df38966 16.2s done
#17 pushing layer 7dddd9977ea6 260.87MB / 307.00MB 16.4s
#17 pushing layer 9549d1de994b 218.06MB / 319.73MB 17.4s
#17 pushing layer 7dddd9977ea6 276.46MB / 307.00MB 17.8s
#17 pushing layer 9549d1de994b 234.09MB / 319.73MB 18.8s
#17 pushing layer 7dddd9977ea6 294.26MB / 307.00MB 19.4s
#17 pushing layer 9549d1de994b 252.25MB / 319.73MB 20.2s
#17 pushing layer 9549d1de994b 268.88MB / 319.73MB 21.7s
#17 pushing layer 9549d1de994b 285.19MB / 319.73MB 23.1s
#17 pushing layer 9549d1de994b 302.20MB / 319.73MB 24.4s
#17 pushing layer 9549d1de994b 319.43MB / 319.73MB 25.9s
#17 pushing layer 7dddd9977ea6 27.1s done
#17 pushing layer 9549d1de994b 31.9s done
#17 pushing layer 767e56ba346a 35.6s done
#17 pushing layer 5f70bf18a086 35.6s done
#17 DONE 35.6s

 [33m3 warnings found (use docker --debug to expand):
[0m - LegacyKeyValueFormat: "ENV key=value" should be used instead of legacy "ENV key value" format (line 24)
 - LegacyKeyValueFormat: "ENV key=value" should be used instead of legacy "ENV key value" format (line 25)
 - LegacyKeyValueFormat: "ENV key=value" should be used instead of legacy "ENV key value" format (line 26)
Built image, launching...
Launching server...
Server requested
2025-10-07T03:33:51.549354Z [Normal] Successfully assigned hetzner-2i2c/jupyter-anhvlt-2k6-csd201-ijava-x8mhchdm to mybinder-01
2025-10-07T03:33:52Z [Normal] Container image "jupyterhub/mybinder.org-tc-init:2020.12.4-0.dev.git.5524.ha41b617b" already present on machine
2025-10-07T03:33:52Z [Normal] Created container tc-init
2025-10-07T03:33:52Z [Normal] Started container tc-init